{"/home/travis/build/npmtest/node-npmtest-uws/test.js":{"path":"/home/travis/build/npmtest/node-npmtest-uws/test.js","s":{"1":2,"2":2,"3":2,"4":2,"5":2,"6":2,"7":2,"8":1,"9":2,"10":2,"11":1,"12":1,"13":1,"14":1,"15":2,"16":2,"17":2,"18":2,"19":1,"20":1,"21":2,"22":2,"23":2,"24":1,"25":1,"26":1,"27":1,"28":1,"29":1,"30":1,"31":1,"32":1,"33":1,"34":1,"35":1,"36":1,"37":2,"38":2,"39":1,"40":2,"41":2,"42":1,"43":2,"44":2,"45":1,"46":2,"47":2,"48":1,"49":1,"50":1,"51":1,"52":1},"b":{"1":[2,1,1,1],"2":[1,1,1,1],"3":[1,1],"4":[1,1],"5":[1,1],"6":[1,1],"7":[1,1],"8":[1,1],"9":[1,1,1],"10":[1,1],"11":[1,1],"12":[1,1],"13":[1,1],"14":[1,1],"15":[1,1],"16":[1,1]},"f":{"1":2,"2":2,"3":2,"4":2,"5":2,"6":1,"7":1,"8":2,"9":2,"10":2,"11":2,"12":1},"fnMap":{"1":{"name":"(anonymous_1)","line":12,"loc":{"start":{"line":12,"column":1},"end":{"line":12,"column":13}}},"2":{"name":"(anonymous_2)","line":19,"loc":{"start":{"line":19,"column":5},"end":{"line":19,"column":17}}},"3":{"name":"(anonymous_3)","line":23,"loc":{"start":{"line":23,"column":24},"end":{"line":23,"column":36}}},"4":{"name":"(anonymous_4)","line":61,"loc":{"start":{"line":61,"column":5},"end":{"line":61,"column":17}}},"5":{"name":"(anonymous_5)","line":82,"loc":{"start":{"line":82,"column":5},"end":{"line":82,"column":17}}},"6":{"name":"(anonymous_6)","line":102,"loc":{"start":{"line":102,"column":83},"end":{"line":105,"column":10}},"skip":true},"7":{"name":"(anonymous_7)","line":113,"loc":{"start":{"line":113,"column":77},"end":{"line":116,"column":10}},"skip":true},"8":{"name":"(anonymous_8)","line":129,"loc":{"start":{"line":129,"column":12},"end":{"line":129,"column":40}},"skip":true},"9":{"name":"(anonymous_9)","line":137,"loc":{"start":{"line":137,"column":77},"end":{"line":140,"column":10}},"skip":true},"10":{"name":"(anonymous_10)","line":148,"loc":{"start":{"line":148,"column":83},"end":{"line":151,"column":10}},"skip":true},"11":{"name":"(anonymous_11)","line":159,"loc":{"start":{"line":159,"column":79},"end":{"line":162,"column":10}},"skip":true},"12":{"name":"(anonymous_12)","line":170,"loc":{"start":{"line":170,"column":75},"end":{"line":173,"column":10}},"skip":true}},"statementMap":{"1":{"start":{"line":12,"column":0},"end":{"line":185,"column":5}},"2":{"start":{"line":14,"column":4},"end":{"line":14,"column":14}},"3":{"start":{"line":19,"column":4},"end":{"line":56,"column":9}},"4":{"start":{"line":21,"column":8},"end":{"line":21,"column":19}},"5":{"start":{"line":23,"column":8},"end":{"line":35,"column":13}},"6":{"start":{"line":24,"column":12},"end":{"line":34,"column":13}},"7":{"start":{"line":25,"column":16},"end":{"line":28,"column":30}},"8":{"start":{"line":30,"column":16},"end":{"line":33,"column":27}},"9":{"start":{"line":37,"column":8},"end":{"line":39,"column":21}},"10":{"start":{"line":40,"column":8},"end":{"line":53,"column":9}},"11":{"start":{"line":43,"column":12},"end":{"line":46,"column":14}},"12":{"start":{"line":47,"column":12},"end":{"line":47,"column":18}},"13":{"start":{"line":50,"column":12},"end":{"line":51,"column":46}},"14":{"start":{"line":52,"column":12},"end":{"line":52,"column":18}},"15":{"start":{"line":55,"column":8},"end":{"line":55,"column":35}},"16":{"start":{"line":61,"column":4},"end":{"line":63,"column":9}},"17":{"start":{"line":62,"column":8},"end":{"line":62,"column":15}},"18":{"start":{"line":64,"column":4},"end":{"line":77,"column":5}},"19":{"start":{"line":70,"column":8},"end":{"line":70,"column":14}},"20":{"start":{"line":76,"column":8},"end":{"line":76,"column":14}},"21":{"start":{"line":82,"column":4},"end":{"line":84,"column":9}},"22":{"start":{"line":83,"column":8},"end":{"line":83,"column":15}},"23":{"start":{"line":85,"column":4},"end":{"line":184,"column":5}},"24":{"start":{"line":92,"column":8},"end":{"line":94,"column":63}},"25":{"start":{"line":95,"column":8},"end":{"line":95,"column":14}},"26":{"start":{"line":102,"column":8},"end":{"line":111,"column":10},"skip":true},"27":{"start":{"line":109,"column":12},"end":{"line":109,"column":55},"skip":true},"28":{"start":{"line":110,"column":12},"end":{"line":110,"column":48},"skip":true},"29":{"start":{"line":113,"column":8},"end":{"line":126,"column":10},"skip":true},"30":{"start":{"line":120,"column":12},"end":{"line":120,"column":76},"skip":true},"31":{"start":{"line":121,"column":12},"end":{"line":121,"column":73},"skip":true},"32":{"start":{"line":122,"column":12},"end":{"line":122,"column":74},"skip":true},"33":{"start":{"line":123,"column":12},"end":{"line":123,"column":79},"skip":true},"34":{"start":{"line":124,"column":12},"end":{"line":124,"column":25},"skip":true},"35":{"start":{"line":125,"column":12},"end":{"line":125,"column":45},"skip":true},"36":{"start":{"line":128,"column":8},"end":{"line":135,"column":14},"skip":true},"37":{"start":{"line":133,"column":16},"end":{"line":133,"column":29},"skip":true},"38":{"start":{"line":134,"column":16},"end":{"line":134,"column":55},"skip":true},"39":{"start":{"line":137,"column":8},"end":{"line":146,"column":10},"skip":true},"40":{"start":{"line":144,"column":12},"end":{"line":144,"column":25},"skip":true},"41":{"start":{"line":145,"column":12},"end":{"line":145,"column":45},"skip":true},"42":{"start":{"line":148,"column":8},"end":{"line":157,"column":10},"skip":true},"43":{"start":{"line":155,"column":12},"end":{"line":155,"column":25},"skip":true},"44":{"start":{"line":156,"column":12},"end":{"line":156,"column":48},"skip":true},"45":{"start":{"line":159,"column":8},"end":{"line":168,"column":10},"skip":true},"46":{"start":{"line":166,"column":12},"end":{"line":166,"column":25},"skip":true},"47":{"start":{"line":167,"column":12},"end":{"line":167,"column":46},"skip":true},"48":{"start":{"line":170,"column":8},"end":{"line":179,"column":10},"skip":true},"49":{"start":{"line":177,"column":12},"end":{"line":177,"column":94},"skip":true},"50":{"start":{"line":178,"column":12},"end":{"line":178,"column":48},"skip":true},"51":{"start":{"line":182,"column":8},"end":{"line":182,"column":35},"skip":true},"52":{"start":{"line":183,"column":8},"end":{"line":183,"column":14},"skip":true}},"branchMap":{"1":{"line":25,"type":"binary-expr","locations":[{"start":{"line":25,"column":23},"end":{"line":25,"column":62}},{"start":{"line":26,"column":20},"end":{"line":26,"column":70}},{"start":{"line":27,"column":20},"end":{"line":27,"column":71}},{"start":{"line":28,"column":20},"end":{"line":28,"column":29}}]},"2":{"line":30,"type":"binary-expr","locations":[{"start":{"line":30,"column":23},"end":{"line":30,"column":37}},{"start":{"line":31,"column":20},"end":{"line":31,"column":61}},{"start":{"line":32,"column":20},"end":{"line":32,"column":70}},{"start":{"line":33,"column":20},"end":{"line":33,"column":26}}]},"3":{"line":37,"type":"cond-expr","locations":[{"start":{"line":38,"column":14},"end":{"line":38,"column":20}},{"start":{"line":39,"column":14},"end":{"line":39,"column":20}}]},"4":{"line":40,"type":"switch","locations":[{"start":{"line":42,"column":8},"end":{"line":47,"column":18}},{"start":{"line":49,"column":8},"end":{"line":52,"column":18}}]},"5":{"line":44,"type":"binary-expr","locations":[{"start":{"line":44,"column":16},"end":{"line":44,"column":44}},{"start":{"line":44,"column":48},"end":{"line":44,"column":66}}]},"6":{"line":50,"type":"binary-expr","locations":[{"start":{"line":50,"column":21},"end":{"line":50,"column":49}},{"start":{"line":50,"column":53},"end":{"line":50,"column":72}}]},"7":{"line":64,"type":"switch","locations":[{"start":{"line":69,"column":4},"end":{"line":70,"column":14}},{"start":{"line":75,"column":4},"end":{"line":76,"column":14}}]},"8":{"line":85,"type":"switch","locations":[{"start":{"line":90,"column":4},"end":{"line":95,"column":14}},{"start":{"line":101,"column":4},"end":{"line":183,"column":14},"skip":true}]},"9":{"line":92,"type":"binary-expr","locations":[{"start":{"line":92,"column":18},"end":{"line":92,"column":32}},{"start":{"line":93,"column":12},"end":{"line":93,"column":53}},{"start":{"line":94,"column":12},"end":{"line":94,"column":61}}]},"10":{"line":102,"type":"binary-expr","locations":[{"start":{"line":102,"column":45},"end":{"line":102,"column":79},"skip":true},{"start":{"line":102,"column":83},"end":{"line":111,"column":9},"skip":true}]},"11":{"line":113,"type":"binary-expr","locations":[{"start":{"line":113,"column":42},"end":{"line":113,"column":73},"skip":true},{"start":{"line":113,"column":77},"end":{"line":126,"column":9},"skip":true}]},"12":{"line":128,"type":"binary-expr","locations":[{"start":{"line":128,"column":48},"end":{"line":128,"column":85},"skip":true},{"start":{"line":129,"column":12},"end":{"line":135,"column":13},"skip":true}]},"13":{"line":137,"type":"binary-expr","locations":[{"start":{"line":137,"column":42},"end":{"line":137,"column":73},"skip":true},{"start":{"line":137,"column":77},"end":{"line":146,"column":9},"skip":true}]},"14":{"line":148,"type":"binary-expr","locations":[{"start":{"line":148,"column":45},"end":{"line":148,"column":79},"skip":true},{"start":{"line":148,"column":83},"end":{"line":157,"column":9},"skip":true}]},"15":{"line":159,"type":"binary-expr","locations":[{"start":{"line":159,"column":43},"end":{"line":159,"column":75},"skip":true},{"start":{"line":159,"column":79},"end":{"line":168,"column":9},"skip":true}]},"16":{"line":170,"type":"binary-expr","locations":[{"start":{"line":170,"column":41},"end":{"line":170,"column":71},"skip":true},{"start":{"line":170,"column":75},"end":{"line":179,"column":9},"skip":true}]}},"code":["/* istanbul instrument in package npmtest_uws */","/*jslint","    bitwise: true,","    browser: true,","    maxerr: 8,","    maxlen: 96,","    node: true,","    nomen: true,","    regexp: true,","    stupid: true","*/","(function () {","    'use strict';","    var local;","","","","    // run shared js-env code - pre-init","    (function () {","        // init local","        local = {};","        // init modeJs","        local.modeJs = (function () {","            try {","                return typeof navigator.userAgent === 'string' &&","                    typeof document.querySelector('body') === 'object' &&","                    typeof XMLHttpRequest.prototype.open === 'function' &&","                    'browser';","            } catch (errorCaughtBrowser) {","                return module.exports &&","                    typeof process.versions.node === 'string' &&","                    typeof require('http').createServer === 'function' &&","                    'node';","            }","        }());","        // init global","        local.global = local.modeJs === 'browser'","            ? window","            : global;","        switch (local.modeJs) {","        // re-init local from window.local","        case 'browser':","            local = local.global.utility2.objectSetDefault(","                local.global.utility2_rollup || local.global.local,","                local.global.utility2","            );","            break;","        // re-init local from example.js","        case 'node':","            local = (local.global.utility2_rollup || require('utility2'))","                .requireExampleJsFromReadme();","            break;","        }","        // export local","        local.global.local = local;","    }());","","","","    // run shared js-env code - function","    (function () {","        return;","    }());","    switch (local.modeJs) {","","","","    // run browser js-env code - function","    case 'browser':","        break;","","","","    // run node js-env code - function","    case 'node':","        break;","    }","","","","    // run shared js-env code - post-init","    (function () {","        return;","    }());","    switch (local.modeJs) {","","","","    // run browser js-env code - post-init","    case 'browser':","        // run tests","        local.nop(local.modeTest &&","            document.querySelector('#testRunButton1') &&","            document.querySelector('#testRunButton1').click());","        break;","","","","    // run node js-env code - post-init","    /* istanbul ignore next */","    case 'node':","        local.testCase_buildApidoc_default = local.testCase_buildApidoc_default || function (","            options,","            onError","        ) {","        /*","         * this function will test buildApidoc's default handling-behavior-behavior","         */","            options = { modulePathList: module.paths };","            local.buildApidoc(options, onError);","        };","","        local.testCase_buildApp_default = local.testCase_buildApp_default || function (","            options,","            onError","        ) {","        /*","         * this function will test buildApp's default handling-behavior-behavior","         */","            local.testCase_buildReadme_default(options, local.onErrorThrow);","            local.testCase_buildLib_default(options, local.onErrorThrow);","            local.testCase_buildTest_default(options, local.onErrorThrow);","            local.testCase_buildCustomOrg_default(options, local.onErrorThrow);","            options = [];","            local.buildApp(options, onError);","        };","","        local.testCase_buildCustomOrg_default = local.testCase_buildCustomOrg_default ||","            function (options, onError) {","            /*","             * this function will test buildCustomOrg's default handling-behavior","             */","                options = {};","                local.buildCustomOrg(options, onError);","            };","","        local.testCase_buildLib_default = local.testCase_buildLib_default || function (","            options,","            onError","        ) {","        /*","         * this function will test buildLib's default handling-behavior","         */","            options = {};","            local.buildLib(options, onError);","        };","","        local.testCase_buildReadme_default = local.testCase_buildReadme_default || function (","            options,","            onError","        ) {","        /*","         * this function will test buildReadme's default handling-behavior-behavior","         */","            options = {};","            local.buildReadme(options, onError);","        };","","        local.testCase_buildTest_default = local.testCase_buildTest_default || function (","            options,","            onError","        ) {","        /*","         * this function will test buildTest's default handling-behavior","         */","            options = {};","            local.buildTest(options, onError);","        };","","        local.testCase_webpage_default = local.testCase_webpage_default || function (","            options,","            onError","        ) {","        /*","         * this function will test webpage's default handling-behavior","         */","            options = { modeCoverageMerge: true, url: local.serverLocalHost + '?modeTest=1' };","            local.browserTest(options, onError);","        };","","        // run test-server","        local.testRunServer(local);","        break;","    }","}());",""],"l":{"12":2,"14":2,"19":2,"21":2,"23":2,"24":2,"25":2,"30":1,"37":2,"40":2,"43":1,"47":1,"50":1,"52":1,"55":2,"61":2,"62":2,"64":2,"70":1,"76":1,"82":2,"83":2,"85":2,"92":1,"95":1,"102":1,"109":1,"110":1,"113":1,"120":1,"121":1,"122":1,"123":1,"124":1,"125":1,"128":1,"133":2,"134":2,"137":1,"144":2,"145":2,"148":1,"155":2,"156":2,"159":1,"166":2,"167":2,"170":1,"177":1,"178":1,"182":1,"183":1}},"/home/travis/build/npmtest/node-npmtest-uws/lib.npmtest_uws.js":{"path":"/home/travis/build/npmtest/node-npmtest-uws/lib.npmtest_uws.js","s":{"1":2,"2":2,"3":2,"4":2,"5":2,"6":2,"7":2,"8":1,"9":2,"10":2,"11":2,"12":2,"13":1,"14":1,"15":1,"16":1},"b":{"1":[2,1,1,1],"2":[1,1,1,1],"3":[1,1],"4":[2,2],"5":[1,1]},"f":{"1":2,"2":2,"3":2},"fnMap":{"1":{"name":"(anonymous_1)","line":12,"loc":{"start":{"line":12,"column":1},"end":{"line":12,"column":13}}},"2":{"name":"(anonymous_2)","line":19,"loc":{"start":{"line":19,"column":5},"end":{"line":19,"column":17}}},"3":{"name":"(anonymous_3)","line":23,"loc":{"start":{"line":23,"column":24},"end":{"line":23,"column":36}}}},"statementMap":{"1":{"start":{"line":12,"column":0},"end":{"line":53,"column":5}},"2":{"start":{"line":14,"column":4},"end":{"line":14,"column":14}},"3":{"start":{"line":19,"column":4},"end":{"line":52,"column":9}},"4":{"start":{"line":21,"column":8},"end":{"line":21,"column":19}},"5":{"start":{"line":23,"column":8},"end":{"line":35,"column":13}},"6":{"start":{"line":24,"column":12},"end":{"line":34,"column":13}},"7":{"start":{"line":25,"column":16},"end":{"line":28,"column":30}},"8":{"start":{"line":30,"column":16},"end":{"line":33,"column":27}},"9":{"start":{"line":37,"column":8},"end":{"line":39,"column":21}},"10":{"start":{"line":41,"column":8},"end":{"line":41,"column":54}},"11":{"start":{"line":43,"column":8},"end":{"line":43,"column":48}},"12":{"start":{"line":45,"column":8},"end":{"line":51,"column":9}},"13":{"start":{"line":46,"column":12},"end":{"line":46,"column":54}},"14":{"start":{"line":48,"column":12},"end":{"line":48,"column":35}},"15":{"start":{"line":49,"column":12},"end":{"line":49,"column":49}},"16":{"start":{"line":50,"column":12},"end":{"line":50,"column":43}}},"branchMap":{"1":{"line":25,"type":"binary-expr","locations":[{"start":{"line":25,"column":23},"end":{"line":25,"column":62}},{"start":{"line":26,"column":20},"end":{"line":26,"column":70}},{"start":{"line":27,"column":20},"end":{"line":27,"column":71}},{"start":{"line":28,"column":20},"end":{"line":28,"column":29}}]},"2":{"line":30,"type":"binary-expr","locations":[{"start":{"line":30,"column":23},"end":{"line":30,"column":37}},{"start":{"line":31,"column":20},"end":{"line":31,"column":61}},{"start":{"line":32,"column":20},"end":{"line":32,"column":70}},{"start":{"line":33,"column":20},"end":{"line":33,"column":26}}]},"3":{"line":37,"type":"cond-expr","locations":[{"start":{"line":38,"column":14},"end":{"line":38,"column":20}},{"start":{"line":39,"column":14},"end":{"line":39,"column":20}}]},"4":{"line":41,"type":"binary-expr","locations":[{"start":{"line":41,"column":16},"end":{"line":41,"column":44}},{"start":{"line":41,"column":48},"end":{"line":41,"column":53}}]},"5":{"line":45,"type":"if","locations":[{"start":{"line":45,"column":8},"end":{"line":45,"column":8}},{"start":{"line":45,"column":8},"end":{"line":45,"column":8}}]}},"code":["/* istanbul instrument in package npmtest_uws */","/*jslint","    bitwise: true,","    browser: true,","    maxerr: 8,","    maxlen: 96,","    node: true,","    nomen: true,","    regexp: true,","    stupid: true","*/","(function () {","    'use strict';","    var local;","","","","    // run shared js-env code - pre-init","    (function () {","        // init local","        local = {};","        // init modeJs","        local.modeJs = (function () {","            try {","                return typeof navigator.userAgent === 'string' &&","                    typeof document.querySelector('body') === 'object' &&","                    typeof XMLHttpRequest.prototype.open === 'function' &&","                    'browser';","            } catch (errorCaughtBrowser) {","                return module.exports &&","                    typeof process.versions.node === 'string' &&","                    typeof require('http').createServer === 'function' &&","                    'node';","            }","        }());","        // init global","        local.global = local.modeJs === 'browser'","            ? window","            : global;","        // init utility2_rollup","        local = local.global.utility2_rollup || local;","        // init lib","        local.local = local.npmtest_uws = local;","        // init exports","        if (local.modeJs === 'browser') {","            local.global.utility2_npmtest_uws = local;","        } else {","            module.exports = local;","            module.exports.__dirname = __dirname;","            module.exports.module = module;","        }","    }());","}());",""],"l":{"12":2,"14":2,"19":2,"21":2,"23":2,"24":2,"25":2,"30":1,"37":2,"41":2,"43":2,"45":2,"46":1,"48":1,"49":1,"50":1}},"/home/travis/build/npmtest/node-npmtest-uws/example.js":{"path":"/home/travis/build/npmtest/node-npmtest-uws/example.js","s":{"1":2,"2":2,"3":2,"4":2,"5":2,"6":2,"7":2,"8":1,"9":2,"10":2,"11":2,"12":2,"13":1,"14":2,"15":2,"16":2,"17":2,"18":2,"19":0,"20":2,"21":1,"22":1,"23":1,"24":1,"25":1,"26":0,"27":0,"28":1,"29":1,"30":2,"31":0,"32":0,"33":0,"34":1,"35":2,"36":2,"37":2,"38":2,"39":2,"40":2,"41":0,"42":2,"43":2,"44":2,"45":1,"46":3,"47":1,"48":1,"49":1,"50":1,"51":1,"52":1,"53":1,"54":1,"55":1,"56":1,"57":0,"58":1,"59":6,"60":6,"61":1,"62":2,"63":0,"64":2,"65":1,"66":1,"67":0,"68":0,"69":0,"70":0,"71":0,"72":0,"73":0,"74":0,"75":0,"76":0,"77":0,"78":0,"79":0,"80":0,"81":0,"82":0,"83":0},"b":{"1":[2,1,1,1],"2":[1,1,1,1],"3":[1,1],"4":[2,2],"5":[1,1],"6":[1,1],"7":[2,0],"8":[2,1,1,1,1,1],"9":[0,2,0],"10":[1,1],"11":[2,1,1],"12":[1,0],"13":[0,2],"14":[2,0,0,0,0,0,0],"15":[0,2],"16":[2,0],"17":[1,1],"18":[0,1],"19":[1,2,0,2],"20":[1,0],"21":[1,1],"22":[0,0],"23":[0,0],"24":[0,0],"25":[0,0],"26":[0,0],"27":[0,0],"28":[0,0]},"f":{"1":2,"2":2,"3":2,"4":2,"5":2,"6":2,"7":2,"8":2,"9":3,"10":1,"11":6,"12":0},"fnMap":{"1":{"name":"(anonymous_1)","line":26,"loc":{"start":{"line":26,"column":1},"end":{"line":26,"column":13}}},"2":{"name":"(anonymous_2)","line":33,"loc":{"start":{"line":33,"column":5},"end":{"line":33,"column":17}}},"3":{"name":"(anonymous_3)","line":37,"loc":{"start":{"line":37,"column":24},"end":{"line":37,"column":36}}},"4":{"name":"(anonymous_4)","line":69,"loc":{"start":{"line":69,"column":31},"end":{"line":69,"column":48}},"skip":true},"5":{"name":"(anonymous_5)","line":78,"loc":{"start":{"line":78,"column":26},"end":{"line":78,"column":45}},"skip":true},"6":{"name":"(anonymous_6)","line":123,"loc":{"start":{"line":123,"column":33},"end":{"line":123,"column":48}},"skip":true},"7":{"name":"(anonymous_7)","line":125,"loc":{"start":{"line":125,"column":27},"end":{"line":125,"column":39}},"skip":true},"8":{"name":"(anonymous_8)","line":133,"loc":{"start":{"line":133,"column":59},"end":{"line":133,"column":74}},"skip":true},"9":{"name":"(anonymous_9)","line":143,"loc":{"start":{"line":143,"column":45},"end":{"line":143,"column":62}},"skip":true},"10":{"name":"(anonymous_10)","line":144,"loc":{"start":{"line":144,"column":73},"end":{"line":144,"column":92}},"skip":true},"11":{"name":"(anonymous_11)","line":272,"loc":{"start":{"line":272,"column":51},"end":{"line":272,"column":77}},"skip":true},"12":{"name":"(anonymous_12)","line":314,"loc":{"start":{"line":314,"column":32},"end":{"line":314,"column":61}},"skip":true}},"statementMap":{"1":{"start":{"line":26,"column":0},"end":{"line":325,"column":5}},"2":{"start":{"line":28,"column":4},"end":{"line":28,"column":14}},"3":{"start":{"line":33,"column":4},"end":{"line":60,"column":9}},"4":{"start":{"line":35,"column":8},"end":{"line":35,"column":19}},"5":{"start":{"line":37,"column":8},"end":{"line":49,"column":13}},"6":{"start":{"line":38,"column":12},"end":{"line":48,"column":13}},"7":{"start":{"line":39,"column":16},"end":{"line":42,"column":30}},"8":{"start":{"line":44,"column":16},"end":{"line":47,"column":27}},"9":{"start":{"line":51,"column":8},"end":{"line":53,"column":21}},"10":{"start":{"line":55,"column":8},"end":{"line":57,"column":45}},"11":{"start":{"line":59,"column":8},"end":{"line":59,"column":35}},"12":{"start":{"line":61,"column":4},"end":{"line":324,"column":5}},"13":{"start":{"line":69,"column":8},"end":{"line":121,"column":10},"skip":true},"14":{"start":{"line":70,"column":12},"end":{"line":88,"column":13},"skip":true},"15":{"start":{"line":76,"column":16},"end":{"line":87,"column":19},"skip":true},"16":{"start":{"line":79,"column":20},"end":{"line":86,"column":21},"skip":true},"17":{"start":{"line":82,"column":24},"end":{"line":82,"column":43},"skip":true},"18":{"start":{"line":83,"column":24},"end":{"line":83,"column":30},"skip":true},"19":{"start":{"line":85,"column":24},"end":{"line":85,"column":49},"skip":true},"20":{"start":{"line":89,"column":12},"end":{"line":107,"column":13},"skip":true},"21":{"start":{"line":92,"column":16},"end":{"line":102,"column":17},"skip":true},"22":{"start":{"line":93,"column":20},"end":{"line":93,"column":86},"skip":true},"23":{"start":{"line":94,"column":20},"end":{"line":95,"column":45},"skip":true},"24":{"start":{"line":96,"column":20},"end":{"line":96,"column":42},"skip":true},"25":{"start":{"line":97,"column":20},"end":{"line":97,"column":48},"skip":true},"26":{"start":{"line":100,"column":20},"end":{"line":100,"column":85},"skip":true},"27":{"start":{"line":101,"column":20},"end":{"line":101,"column":96},"skip":true},"28":{"start":{"line":103,"column":16},"end":{"line":103,"column":22},"skip":true},"29":{"start":{"line":106,"column":16},"end":{"line":106,"column":22},"skip":true},"30":{"start":{"line":108,"column":12},"end":{"line":120,"column":13},"skip":true},"31":{"start":{"line":114,"column":16},"end":{"line":119,"column":17},"skip":true},"32":{"start":{"line":116,"column":20},"end":{"line":116,"column":78},"skip":true},"33":{"start":{"line":118,"column":20},"end":{"line":118,"column":47},"skip":true},"34":{"start":{"line":123,"column":8},"end":{"line":141,"column":11},"skip":true},"35":{"start":{"line":124,"column":12},"end":{"line":124,"column":54},"skip":true},"36":{"start":{"line":125,"column":12},"end":{"line":140,"column":14},"skip":true},"37":{"start":{"line":126,"column":16},"end":{"line":126,"column":28},"skip":true},"38":{"start":{"line":127,"column":16},"end":{"line":127,"column":69},"skip":true},"39":{"start":{"line":128,"column":16},"end":{"line":128,"column":75},"skip":true},"40":{"start":{"line":129,"column":16},"end":{"line":131,"column":17},"skip":true},"41":{"start":{"line":130,"column":20},"end":{"line":130,"column":27},"skip":true},"42":{"start":{"line":133,"column":16},"end":{"line":137,"column":36},"skip":true},"43":{"start":{"line":134,"column":20},"end":{"line":136,"column":55},"skip":true},"44":{"start":{"line":139,"column":16},"end":{"line":139,"column":57},"skip":true},"45":{"start":{"line":143,"column":8},"end":{"line":147,"column":11},"skip":true},"46":{"start":{"line":144,"column":12},"end":{"line":146,"column":15},"skip":true},"47":{"start":{"line":145,"column":16},"end":{"line":145,"column":70},"skip":true},"48":{"start":{"line":149,"column":8},"end":{"line":149,"column":31},"skip":true},"49":{"start":{"line":150,"column":8},"end":{"line":150,"column":14},"skip":true},"50":{"start":{"line":158,"column":8},"end":{"line":158,"column":31},"skip":true},"51":{"start":{"line":160,"column":8},"end":{"line":160,"column":33},"skip":true},"52":{"start":{"line":161,"column":8},"end":{"line":161,"column":37},"skip":true},"53":{"start":{"line":162,"column":8},"end":{"line":162,"column":35},"skip":true},"54":{"start":{"line":164,"column":8},"end":{"line":164,"column":50},"skip":true},"55":{"start":{"line":166,"column":8},"end":{"line":256,"column":2},"skip":true},"56":{"start":{"line":258,"column":8},"end":{"line":286,"column":9},"skip":true},"57":{"start":{"line":259,"column":12},"end":{"line":269,"column":14},"skip":true},"58":{"start":{"line":271,"column":12},"end":{"line":285,"column":19},"skip":true},"59":{"start":{"line":274,"column":20},"end":{"line":274,"column":35},"skip":true},"60":{"start":{"line":275,"column":20},"end":{"line":284,"column":21},"skip":true},"61":{"start":{"line":277,"column":24},"end":{"line":277,"column":64},"skip":true},"62":{"start":{"line":279,"column":24},"end":{"line":279,"column":40},"skip":true},"63":{"start":{"line":281,"column":24},"end":{"line":281,"column":40},"skip":true},"64":{"start":{"line":283,"column":24},"end":{"line":283,"column":39},"skip":true},"65":{"start":{"line":288,"column":8},"end":{"line":290,"column":9},"skip":true},"66":{"start":{"line":289,"column":12},"end":{"line":289,"column":18},"skip":true},"67":{"start":{"line":291,"column":8},"end":{"line":293,"column":54},"skip":true},"68":{"start":{"line":294,"column":8},"end":{"line":301,"column":37},"skip":true},"69":{"start":{"line":302,"column":8},"end":{"line":302,"column":82},"skip":true},"70":{"start":{"line":305,"column":8},"end":{"line":307,"column":9},"skip":true},"71":{"start":{"line":306,"column":12},"end":{"line":306,"column":82},"skip":true},"72":{"start":{"line":309,"column":8},"end":{"line":311,"column":9},"skip":true},"73":{"start":{"line":310,"column":12},"end":{"line":310,"column":18},"skip":true},"74":{"start":{"line":312,"column":8},"end":{"line":312,"column":54},"skip":true},"75":{"start":{"line":313,"column":8},"end":{"line":313,"column":69},"skip":true},"76":{"start":{"line":314,"column":8},"end":{"line":322,"column":36},"skip":true},"77":{"start":{"line":315,"column":12},"end":{"line":315,"column":61},"skip":true},"78":{"start":{"line":316,"column":12},"end":{"line":319,"column":13},"skip":true},"79":{"start":{"line":317,"column":16},"end":{"line":317,"column":75},"skip":true},"80":{"start":{"line":318,"column":16},"end":{"line":318,"column":23},"skip":true},"81":{"start":{"line":320,"column":12},"end":{"line":320,"column":38},"skip":true},"82":{"start":{"line":321,"column":12},"end":{"line":321,"column":27},"skip":true},"83":{"start":{"line":323,"column":8},"end":{"line":323,"column":14},"skip":true}},"branchMap":{"1":{"line":39,"type":"binary-expr","locations":[{"start":{"line":39,"column":23},"end":{"line":39,"column":62}},{"start":{"line":40,"column":20},"end":{"line":40,"column":70}},{"start":{"line":41,"column":20},"end":{"line":41,"column":71}},{"start":{"line":42,"column":20},"end":{"line":42,"column":29}}]},"2":{"line":44,"type":"binary-expr","locations":[{"start":{"line":44,"column":23},"end":{"line":44,"column":37}},{"start":{"line":45,"column":20},"end":{"line":45,"column":61}},{"start":{"line":46,"column":20},"end":{"line":46,"column":70}},{"start":{"line":47,"column":20},"end":{"line":47,"column":26}}]},"3":{"line":51,"type":"cond-expr","locations":[{"start":{"line":52,"column":14},"end":{"line":52,"column":20}},{"start":{"line":53,"column":14},"end":{"line":53,"column":20}}]},"4":{"line":55,"type":"binary-expr","locations":[{"start":{"line":55,"column":16},"end":{"line":55,"column":44}},{"start":{"line":55,"column":49},"end":{"line":57,"column":43}}]},"5":{"line":55,"type":"cond-expr","locations":[{"start":{"line":56,"column":14},"end":{"line":56,"column":47}},{"start":{"line":57,"column":14},"end":{"line":57,"column":43}}]},"6":{"line":61,"type":"switch","locations":[{"start":{"line":68,"column":4},"end":{"line":150,"column":14},"skip":true},{"start":{"line":156,"column":4},"end":{"line":323,"column":14},"skip":true}]},"7":{"line":70,"type":"if","locations":[{"start":{"line":70,"column":12},"end":{"line":70,"column":12},"skip":true},{"start":{"line":70,"column":12},"end":{"line":70,"column":12},"skip":true}]},"8":{"line":70,"type":"binary-expr","locations":[{"start":{"line":70,"column":16},"end":{"line":70,"column":22},"skip":true},{"start":{"line":70,"column":27},"end":{"line":70,"column":32},"skip":true},{"start":{"line":71,"column":20},"end":{"line":71,"column":39},"skip":true},{"start":{"line":72,"column":20},"end":{"line":72,"column":49},"skip":true},{"start":{"line":73,"column":20},"end":{"line":73,"column":58},"skip":true},{"start":{"line":74,"column":20},"end":{"line":74,"column":69},"skip":true}]},"9":{"line":79,"type":"switch","locations":[{"start":{"line":80,"column":20},"end":{"line":80,"column":33},"skip":true},{"start":{"line":81,"column":20},"end":{"line":83,"column":30},"skip":true},{"start":{"line":84,"column":20},"end":{"line":85,"column":49},"skip":true}]},"10":{"line":89,"type":"switch","locations":[{"start":{"line":90,"column":12},"end":{"line":103,"column":22},"skip":true},{"start":{"line":105,"column":12},"end":{"line":106,"column":22},"skip":true}]},"11":{"line":89,"type":"binary-expr","locations":[{"start":{"line":89,"column":20},"end":{"line":89,"column":25},"skip":true},{"start":{"line":89,"column":29},"end":{"line":89,"column":48},"skip":true},{"start":{"line":89,"column":52},"end":{"line":89,"column":74},"skip":true}]},"12":{"line":92,"type":"if","locations":[{"start":{"line":92,"column":16},"end":{"line":92,"column":16},"skip":true},{"start":{"line":92,"column":16},"end":{"line":92,"column":16},"skip":true}]},"13":{"line":108,"type":"if","locations":[{"start":{"line":108,"column":12},"end":{"line":108,"column":12},"skip":true},{"start":{"line":108,"column":12},"end":{"line":108,"column":12},"skip":true}]},"14":{"line":108,"type":"binary-expr","locations":[{"start":{"line":108,"column":16},"end":{"line":108,"column":61},"skip":true},{"start":{"line":108,"column":66},"end":{"line":108,"column":72},"skip":true},{"start":{"line":108,"column":77},"end":{"line":108,"column":82},"skip":true},{"start":{"line":109,"column":20},"end":{"line":109,"column":39},"skip":true},{"start":{"line":110,"column":20},"end":{"line":110,"column":49},"skip":true},{"start":{"line":111,"column":20},"end":{"line":111,"column":58},"skip":true},{"start":{"line":112,"column":20},"end":{"line":112,"column":68},"skip":true}]},"15":{"line":129,"type":"if","locations":[{"start":{"line":129,"column":16},"end":{"line":129,"column":16},"skip":true},{"start":{"line":129,"column":16},"end":{"line":129,"column":16},"skip":true}]},"16":{"line":134,"type":"cond-expr","locations":[{"start":{"line":135,"column":26},"end":{"line":135,"column":29},"skip":true},{"start":{"line":136,"column":26},"end":{"line":136,"column":54},"skip":true}]},"17":{"line":164,"type":"binary-expr","locations":[{"start":{"line":164,"column":27},"end":{"line":164,"column":43},"skip":true},{"start":{"line":164,"column":47},"end":{"line":164,"column":49},"skip":true}]},"18":{"line":258,"type":"if","locations":[{"start":{"line":258,"column":8},"end":{"line":258,"column":8},"skip":true},{"start":{"line":258,"column":8},"end":{"line":258,"column":8},"skip":true}]},"19":{"line":275,"type":"switch","locations":[{"start":{"line":276,"column":20},"end":{"line":277,"column":64},"skip":true},{"start":{"line":278,"column":20},"end":{"line":279,"column":40},"skip":true},{"start":{"line":280,"column":20},"end":{"line":281,"column":40},"skip":true},{"start":{"line":282,"column":20},"end":{"line":283,"column":39},"skip":true}]},"20":{"line":288,"type":"if","locations":[{"start":{"line":288,"column":8},"end":{"line":288,"column":8},"skip":true},{"start":{"line":288,"column":8},"end":{"line":288,"column":8},"skip":true}]},"21":{"line":288,"type":"binary-expr","locations":[{"start":{"line":288,"column":12},"end":{"line":288,"column":40},"skip":true},{"start":{"line":288,"column":44},"end":{"line":288,"column":67},"skip":true}]},"22":{"line":292,"type":"binary-expr","locations":[{"start":{"line":292,"column":12},"end":{"line":292,"column":50},"skip":true},{"start":{"line":293,"column":12},"end":{"line":293,"column":53},"skip":true}]},"23":{"line":295,"type":"binary-expr","locations":[{"start":{"line":295,"column":12},"end":{"line":295,"column":61},"skip":true},{"start":{"line":296,"column":12},"end":{"line":301,"column":36},"skip":true}]},"24":{"line":302,"type":"binary-expr","locations":[{"start":{"line":302,"column":43},"end":{"line":302,"column":75},"skip":true},{"start":{"line":302,"column":79},"end":{"line":302,"column":81},"skip":true}]},"25":{"line":305,"type":"if","locations":[{"start":{"line":305,"column":8},"end":{"line":305,"column":8},"skip":true},{"start":{"line":305,"column":8},"end":{"line":305,"column":8},"skip":true}]},"26":{"line":309,"type":"if","locations":[{"start":{"line":309,"column":8},"end":{"line":309,"column":8},"skip":true},{"start":{"line":309,"column":8},"end":{"line":309,"column":8},"skip":true}]},"27":{"line":312,"type":"binary-expr","locations":[{"start":{"line":312,"column":27},"end":{"line":312,"column":43},"skip":true},{"start":{"line":312,"column":47},"end":{"line":312,"column":53},"skip":true}]},"28":{"line":316,"type":"if","locations":[{"start":{"line":316,"column":12},"end":{"line":316,"column":12},"skip":true},{"start":{"line":316,"column":12},"end":{"line":316,"column":12},"skip":true}]}},"code":["/*","example.js","","quickstart example","","instruction","    1. save this script as example.js","    2. run the shell command:","        $ npm install npmtest-uws && PORT=8081 node example.js","    3. play with the browser-demo on http://127.0.0.1:8081","*/","","","","/* istanbul instrument in package npmtest_uws */","/*jslint","    bitwise: true,","    browser: true,","    maxerr: 8,","    maxlen: 96,","    node: true,","    nomen: true,","    regexp: true,","    stupid: true","*/","(function () {","    'use strict';","    var local;","","","","    // run shared js-env code - pre-init","    (function () {","        // init local","        local = {};","        // init modeJs","        local.modeJs = (function () {","            try {","                return typeof navigator.userAgent === 'string' &&","                    typeof document.querySelector('body') === 'object' &&","                    typeof XMLHttpRequest.prototype.open === 'function' &&","                    'browser';","            } catch (errorCaughtBrowser) {","                return module.exports &&","                    typeof process.versions.node === 'string' &&","                    typeof require('http').createServer === 'function' &&","                    'node';","            }","        }());","        // init global","        local.global = local.modeJs === 'browser'","            ? window","            : global;","        // init utility2_rollup","        local = local.global.utility2_rollup || (local.modeJs === 'browser'","            ? local.global.utility2_npmtest_uws","            : global.utility2_moduleExports);","        // export local","        local.global.local = local;","    }());","    switch (local.modeJs) {","","","","    // post-init","    // run browser js-env code - post-init","    /* istanbul ignore next */","    case 'browser':","        local.testRunBrowser = function (event) {","            if (!event || (event &&","                    event.currentTarget &&","                    event.currentTarget.className &&","                    event.currentTarget.className.includes &&","                    event.currentTarget.className.includes('onreset'))) {","                // reset output","                Array.from(","                    document.querySelectorAll('body > .resettable')","                ).forEach(function (element) {","                    switch (element.tagName) {","                    case 'INPUT':","                    case 'TEXTAREA':","                        element.value = '';","                        break;","                    default:","                        element.textContent = '';","                    }","                });","            }","            switch (event && event.currentTarget && event.currentTarget.id) {","            case 'testRunButton1':","                // show tests","                if (document.querySelector('#testReportDiv1').style.display === 'none') {","                    document.querySelector('#testReportDiv1').style.display = 'block';","                    document.querySelector('#testRunButton1').textContent =","                        'hide internal test';","                    local.modeTest = true;","                    local.testRunDefault(local);","                // hide tests","                } else {","                    document.querySelector('#testReportDiv1').style.display = 'none';","                    document.querySelector('#testRunButton1').textContent = 'run internal test';","                }","                break;","            // custom-case","            default:","                break;","            }","            if (document.querySelector('#inputTextareaEval1') && (!event || (event &&","                    event.currentTarget &&","                    event.currentTarget.className &&","                    event.currentTarget.className.includes &&","                    event.currentTarget.className.includes('oneval')))) {","                // try to eval input-code","                try {","                    /*jslint evil: true*/","                    eval(document.querySelector('#inputTextareaEval1').value);","                } catch (errorCaught) {","                    console.error(errorCaught);","                }","            }","        };","        // log stderr and stdout to #outputTextareaStdout1","        ['error', 'log'].forEach(function (key) {","            console[key + '_original'] = console[key];","            console[key] = function () {","                var element;","                console[key + '_original'].apply(console, arguments);","                element = document.querySelector('#outputTextareaStdout1');","                if (!element) {","                    return;","                }","                // append text to #outputTextareaStdout1","                element.value += Array.from(arguments).map(function (arg) {","                    return typeof arg === 'string'","                        ? arg","                        : JSON.stringify(arg, null, 4);","                }).join(' ') + '\\n';","                // scroll textarea to bottom","                element.scrollTop = element.scrollHeight;","            };","        });","        // init event-handling","        ['change', 'click', 'keyup'].forEach(function (event) {","            Array.from(document.querySelectorAll('.on' + event)).forEach(function (element) {","                element.addEventListener(event, local.testRunBrowser);","            });","        });","        // run tests","        local.testRunBrowser();","        break;","","","","    // run node js-env code - post-init","    /* istanbul ignore next */","    case 'node':","        // export local","        module.exports = local;","        // require modules","        local.fs = require('fs');","        local.http = require('http');","        local.url = require('url');","        // init assets","        local.assetsDict = local.assetsDict || {};","        /* jslint-ignore-begin */","        local.assetsDict['/assets.index.template.html'] = '\\","<!doctype html>\\n\\","<html lang=\"en\">\\n\\","<head>\\n\\","<meta charset=\"UTF-8\">\\n\\","<meta name=\"viewport\" content=\"width=device-width, initial-scale=1\">\\n\\","<title>{{env.npm_package_name}} (v{{env.npm_package_version}})</title>\\n\\","<style>\\n\\","/*csslint\\n\\","    box-sizing: false,\\n\\","    universal-selector: false\\n\\","*/\\n\\","* {\\n\\","    box-sizing: border-box;\\n\\","}\\n\\","body {\\n\\","    background: #dde;\\n\\","    font-family: Arial, Helvetica, sans-serif;\\n\\","    margin: 2rem;\\n\\","}\\n\\","body > * {\\n\\","    margin-bottom: 1rem;\\n\\","}\\n\\",".utility2FooterDiv {\\n\\","    margin-top: 20px;\\n\\","    text-align: center;\\n\\","}\\n\\","</style>\\n\\","<style>\\n\\","/*csslint\\n\\","*/\\n\\","textarea {\\n\\","    font-family: monospace;\\n\\","    height: 10rem;\\n\\","    width: 100%;\\n\\","}\\n\\","textarea[readonly] {\\n\\","    background: #ddd;\\n\\","}\\n\\","</style>\\n\\","</head>\\n\\","<body>\\n\\","<!-- utility2-comment\\n\\","<div id=\"ajaxProgressDiv1\" style=\"background: #d00; height: 2px; left: 0; margin: 0; padding: 0; position: fixed; top: 0; transition: background 0.5s, width 1.5s; width: 25%;\"></div>\\n\\","utility2-comment -->\\n\\","<h1>\\n\\","<!-- utility2-comment\\n\\","    <a\\n\\","        {{#if env.npm_package_homepage}}\\n\\","        href=\"{{env.npm_package_homepage}}\"\\n\\","        {{/if env.npm_package_homepage}}\\n\\","        target=\"_blank\"\\n\\","    >\\n\\","utility2-comment -->\\n\\","        {{env.npm_package_name}} (v{{env.npm_package_version}})\\n\\","<!-- utility2-comment\\n\\","    </a>\\n\\","utility2-comment -->\\n\\","</h1>\\n\\","<h3>{{env.npm_package_description}}</h3>\\n\\","<!-- utility2-comment\\n\\","<h4><a download href=\"assets.app.js\">download standalone app</a></h4>\\n\\","<button class=\"onclick onreset\" id=\"testRunButton1\">run internal test</button><br>\\n\\","<div id=\"testReportDiv1\" style=\"display: none;\"></div>\\n\\","utility2-comment -->\\n\\","\\n\\","\\n\\","\\n\\","<label>stderr and stdout</label>\\n\\","<textarea class=\"resettable\" id=\"outputTextareaStdout1\" readonly></textarea>\\n\\","<!-- utility2-comment\\n\\","{{#if isRollup}}\\n\\","<script src=\"assets.app.js\"></script>\\n\\","{{#unless isRollup}}\\n\\","utility2-comment -->\\n\\","<script src=\"assets.utility2.rollup.js\"></script>\\n\\","<script src=\"jsonp.utility2._stateInit?callback=window.utility2._stateInit\"></script>\\n\\","<script src=\"assets.npmtest_uws.rollup.js\"></script>\\n\\","<script src=\"assets.example.js\"></script>\\n\\","<script src=\"assets.test.js\"></script>\\n\\","<!-- utility2-comment\\n\\","{{/if isRollup}}\\n\\","utility2-comment -->\\n\\","<div class=\"utility2FooterDiv\">\\n\\","    [ this app was created with\\n\\","    <a href=\"https://github.com/kaizhu256/node-utility2\" target=\"_blank\">utility2</a>\\n\\","    ]\\n\\","</div>\\n\\","</body>\\n\\","</html>\\n\\","';","        /* jslint-ignore-end */","        if (local.templateRender) {","            local.assetsDict['/'] = local.templateRender(","                local.assetsDict['/assets.index.template.html'],","                {","                    env: local.objectSetDefault(local.env, {","                        npm_package_description: 'the greatest app in the world!',","                        npm_package_name: 'my-app',","                        npm_package_nameAlias: 'my_app',","                        npm_package_version: '0.0.1'","                    })","                }","            );","        } else {","            local.assetsDict['/'] = local.assetsDict['/assets.index.template.html']","                .replace((/\\{\\{env\\.(\\w+?)\\}\\}/g), function (match0, match1) {","                    // jslint-hack","                    String(match0);","                    switch (match1) {","                    case 'npm_package_description':","                        return 'the greatest app in the world!';","                    case 'npm_package_name':","                        return 'my-app';","                    case 'npm_package_nameAlias':","                        return 'my_app';","                    case 'npm_package_version':","                        return '0.0.1';","                    }","                });","        }","        // run the cli","        if (local.global.utility2_rollup || module !== require.main) {","            break;","        }","        local.assetsDict['/assets.example.js'] =","            local.assetsDict['/assets.example.js'] ||","            local.fs.readFileSync(__filename, 'utf8');","        local.assetsDict['/assets.npmtest_uws.rollup.js'] =","            local.assetsDict['/assets.npmtest_uws.rollup.js'] ||","            local.fs.readFileSync(","                // buildCustomOrg-hack","                local.npmtest_uws.__dirname +","                    '/lib.npmtest_uws.js',","                'utf8'","            ).replace((/^#!/), '//');","        local.assetsDict['/favicon.ico'] = local.assetsDict['/favicon.ico'] || '';","        // if $npm_config_timeout_exit exists,","        // then exit this process after $npm_config_timeout_exit ms","        if (Number(process.env.npm_config_timeout_exit)) {","            setTimeout(process.exit, Number(process.env.npm_config_timeout_exit));","        }","        // start server","        if (local.global.utility2_serverHttp1) {","            break;","        }","        process.env.PORT = process.env.PORT || '8081';","        console.error('server starting on port ' + process.env.PORT);","        local.http.createServer(function (request, response) {","            request.urlParsed = local.url.parse(request.url);","            if (local.assetsDict[request.urlParsed.pathname] !== undefined) {","                response.end(local.assetsDict[request.urlParsed.pathname]);","                return;","            }","            response.statusCode = 404;","            response.end();","        }).listen(process.env.PORT);","        break;","    }","}());",""],"l":{"26":2,"28":2,"33":2,"35":2,"37":2,"38":2,"39":2,"44":1,"51":2,"55":2,"59":2,"61":2,"69":1,"70":2,"76":2,"79":2,"82":2,"83":2,"85":1,"89":2,"92":1,"93":1,"94":1,"96":1,"97":1,"100":1,"101":1,"103":1,"106":1,"108":2,"114":1,"116":1,"118":1,"123":1,"124":2,"125":2,"126":2,"127":2,"128":2,"129":2,"130":1,"133":2,"134":2,"139":2,"143":1,"144":3,"145":1,"149":1,"150":1,"158":1,"160":1,"161":1,"162":1,"164":1,"166":1,"258":1,"259":1,"271":1,"274":6,"275":6,"277":1,"279":2,"281":1,"283":2,"288":1,"289":1,"291":1,"294":1,"302":1,"305":1,"306":1,"309":1,"310":1,"312":1,"313":1,"314":1,"315":1,"316":1,"317":1,"318":1,"320":1,"321":1,"323":1}},"/home/travis/build/npmtest/node-npmtest-uws/node_modules/uws/uws.js":{"path":"/home/travis/build/npmtest/node-npmtest-uws/node_modules/uws/uws.js","s":{"1":1,"2":1,"3":1,"4":1,"5":1,"6":0,"7":1,"8":0,"9":1,"10":0,"11":1,"12":1,"13":1,"14":1,"15":1,"16":0,"17":0,"18":0,"19":0,"20":0,"21":0,"22":1,"23":1,"24":1,"25":1,"26":0,"27":0,"28":0,"29":1,"30":0,"31":1,"32":0,"33":0,"34":0,"35":0,"36":1,"37":0,"38":1,"39":0,"40":1,"41":0,"42":0,"43":0,"44":0,"45":0,"46":0,"47":0,"48":0,"49":0,"50":0,"51":0,"52":0,"53":0,"54":0,"55":0,"56":0,"57":0,"58":0,"59":0,"60":0,"61":0,"62":0,"63":0,"64":0,"65":0,"66":0,"67":0,"68":0,"69":0,"70":0,"71":0,"72":0,"73":0,"74":0,"75":0,"76":0,"77":0,"78":0,"79":0,"80":0,"81":0,"82":0,"83":0,"84":0,"85":0,"86":0,"87":0,"88":0,"89":0,"90":0,"91":0,"92":0,"93":0,"94":0,"95":0,"96":0,"97":0,"98":0,"99":0,"100":0,"101":0,"102":0,"103":0,"104":0,"105":0,"106":0,"107":0,"108":0,"109":0,"110":0,"111":0,"112":0,"113":0,"114":0,"115":0,"116":0,"117":0,"118":0,"119":0,"120":0,"121":0,"122":0,"123":0,"124":0,"125":0,"126":0,"127":0,"128":0,"129":0,"130":0,"131":0,"132":0,"133":0,"134":0,"135":0,"136":0,"137":0,"138":0,"139":0,"140":0,"141":0,"142":0,"143":0,"144":0,"145":0,"146":0,"147":0,"148":0,"149":0,"150":0,"151":0,"152":0,"153":0,"154":0,"155":0,"156":0,"157":0,"158":0,"159":0,"160":0,"161":0,"162":0,"163":0,"164":0,"165":0,"166":0,"167":0,"168":0,"169":0,"170":0,"171":0,"172":0,"173":0,"174":0,"175":0,"176":0,"177":0,"178":0,"179":0,"180":0,"181":0,"182":0,"183":0,"184":0,"185":0,"186":0,"187":0,"188":0,"189":0,"190":0,"191":0,"192":0,"193":0,"194":0,"195":0,"196":0,"197":0,"198":0,"199":0,"200":0,"201":0,"202":0,"203":0,"204":0,"205":0,"206":0,"207":0,"208":0,"209":0,"210":0,"211":0,"212":0,"213":0,"214":0,"215":0,"216":0,"217":0,"218":0,"219":0,"220":0,"221":0,"222":0,"223":0,"224":0,"225":0,"226":0,"227":0,"228":0,"229":0,"230":0,"231":0,"232":0,"233":0,"234":0,"235":0,"236":0,"237":0,"238":0,"239":0,"240":0,"241":0,"242":0,"243":0,"244":0,"245":0,"246":0,"247":0,"248":0,"249":0,"250":0,"251":0,"252":0,"253":0,"254":0,"255":0,"256":0,"257":0,"258":0,"259":0,"260":0,"261":0,"262":0,"263":0,"264":0,"265":0,"266":0,"267":0,"268":0,"269":0,"270":0,"271":0,"272":0,"273":0,"274":0,"275":1,"276":1,"277":1,"278":1,"279":1,"280":1,"281":1,"282":1,"283":1,"284":1,"285":1,"286":1},"b":{"1":[0,0,0],"2":[0,0],"3":[0,0],"4":[0,0],"5":[0,0],"6":[0,0],"7":[0,0],"8":[0,0],"9":[0,0],"10":[0,0],"11":[0,0],"12":[0,0],"13":[0,0],"14":[0,0],"15":[0,0],"16":[0,0],"17":[0,0],"18":[0,0],"19":[0,0],"20":[0,0],"21":[0,0],"22":[0,0],"23":[0,0],"24":[0,0],"25":[0,0],"26":[0,0],"27":[0,0],"28":[0,0],"29":[0,0],"30":[0,0],"31":[0,0],"32":[0,0],"33":[0,0],"34":[0,0],"35":[0,0],"36":[0,0],"37":[0,0],"38":[0,0],"39":[0,0],"40":[0,0],"41":[0,0],"42":[0,0],"43":[0,0],"44":[0,0],"45":[0,0],"46":[0,0],"47":[0,0],"48":[0,0],"49":[0,0],"50":[0,0],"51":[0,0],"52":[0,0],"53":[0,0],"54":[0,0],"55":[0,0],"56":[0,0,0],"57":[0,0],"58":[0,0],"59":[0,0],"60":[0,0],"61":[0,0],"62":[0,0],"63":[0,0],"64":[0,0],"65":[0,0,0],"66":[0,0],"67":[0,0],"68":[0,0],"69":[0,0],"70":[0,0],"71":[0,0],"72":[0,0,0],"73":[0,0],"74":[0,0],"75":[0,0],"76":[0,0],"77":[0,0],"78":[0,0],"79":[0,0],"80":[0,0,0],"81":[0,0],"82":[0,0],"83":[0,0],"84":[0,0],"85":[0,0],"86":[0,0],"87":[0,0],"88":[0,0],"89":[0,0],"90":[0,0],"91":[0,0],"92":[0,0],"93":[0,0],"94":[0,0],"95":[0,0],"96":[0,0],"97":[0,0],"98":[0,0],"99":[0,0],"100":[0,0,0],"101":[0,0],"102":[0,0],"103":[0,0],"104":[0,0],"105":[0,0,0],"106":[0,0],"107":[0,0],"108":[0,0],"109":[0,0],"110":[0,0],"111":[0,0]},"f":{"1":56,"2":0,"3":0,"4":0,"5":0,"6":0,"7":0,"8":0,"9":0,"10":0,"11":0,"12":0,"13":0,"14":0,"15":0,"16":0,"17":0,"18":0,"19":0,"20":0,"21":0,"22":0,"23":0,"24":0,"25":0,"26":0,"27":0,"28":0,"29":0,"30":0,"31":0,"32":0,"33":0,"34":0,"35":0},"fnMap":{"1":{"name":"noop","line":7,"loc":{"start":{"line":7,"column":0},"end":{"line":7,"column":16}}},"2":{"name":"abortConnection","line":9,"loc":{"start":{"line":9,"column":0},"end":{"line":9,"column":45}}},"3":{"name":"emitConnection","line":13,"loc":{"start":{"line":13,"column":0},"end":{"line":13,"column":28}}},"4":{"name":"onServerMessage","line":17,"loc":{"start":{"line":17,"column":0},"end":{"line":17,"column":45}}},"5":{"name":"(anonymous_5)","line":29,"loc":{"start":{"line":29,"column":68},"end":{"line":29,"column":80}}},"6":{"name":"(anonymous_6)","line":87,"loc":{"start":{"line":87,"column":15},"end":{"line":87,"column":26}}},"7":{"name":"(anonymous_7)","line":95,"loc":{"start":{"line":95,"column":18},"end":{"line":95,"column":21}}},"8":{"name":"(anonymous_8)","line":99,"loc":{"start":{"line":99,"column":17},"end":{"line":99,"column":21}}},"9":{"name":"(anonymous_9)","line":109,"loc":{"start":{"line":109,"column":14},"end":{"line":109,"column":18}}},"10":{"name":"(anonymous_10)","line":117,"loc":{"start":{"line":117,"column":15},"end":{"line":117,"column":19}}},"11":{"name":"(anonymous_11)","line":127,"loc":{"start":{"line":127,"column":15},"end":{"line":127,"column":19}}},"12":{"name":"(anonymous_12)","line":135,"loc":{"start":{"line":135,"column":8},"end":{"line":135,"column":32}}},"13":{"name":"(anonymous_13)","line":148,"loc":{"start":{"line":148,"column":6},"end":{"line":148,"column":21}}},"14":{"name":"(anonymous_14)","line":183,"loc":{"start":{"line":183,"column":8},"end":{"line":183,"column":23}}},"15":{"name":"(anonymous_15)","line":220,"loc":{"start":{"line":220,"column":22},"end":{"line":220,"column":34}}},"16":{"name":"(anonymous_16)","line":236,"loc":{"start":{"line":236,"column":18},"end":{"line":236,"column":34}}},"17":{"name":"(anonymous_17)","line":249,"loc":{"start":{"line":249,"column":12},"end":{"line":249,"column":15}}},"18":{"name":"(anonymous_18)","line":253,"loc":{"start":{"line":253,"column":14},"end":{"line":253,"column":17}}},"19":{"name":"(anonymous_19)","line":257,"loc":{"start":{"line":257,"column":18},"end":{"line":257,"column":21}}},"20":{"name":"(anonymous_20)","line":261,"loc":{"start":{"line":261,"column":15},"end":{"line":261,"column":18}}},"21":{"name":"(anonymous_21)","line":272,"loc":{"start":{"line":272,"column":8},"end":{"line":272,"column":47}}},"22":{"name":"(anonymous_22)","line":278,"loc":{"start":{"line":278,"column":13},"end":{"line":278,"column":16}}},"23":{"name":"(anonymous_23)","line":285,"loc":{"start":{"line":285,"column":8},"end":{"line":285,"column":31}}},"24":{"name":"(anonymous_24)","line":302,"loc":{"start":{"line":302,"column":9},"end":{"line":302,"column":22}}},"25":{"name":"(anonymous_25)","line":311,"loc":{"start":{"line":311,"column":15},"end":{"line":311,"column":21}}},"26":{"name":"(anonymous_26)","line":318,"loc":{"start":{"line":318,"column":8},"end":{"line":318,"column":47}}},"27":{"name":"(anonymous_27)","line":324,"loc":{"start":{"line":324,"column":13},"end":{"line":324,"column":16}}},"28":{"name":"(anonymous_28)","line":331,"loc":{"start":{"line":331,"column":8},"end":{"line":331,"column":31}}},"29":{"name":"(anonymous_29)","line":348,"loc":{"start":{"line":348,"column":9},"end":{"line":348,"column":22}}},"30":{"name":"(anonymous_30)","line":357,"loc":{"start":{"line":357,"column":15},"end":{"line":357,"column":35}}},"31":{"name":"(anonymous_31)","line":479,"loc":{"start":{"line":479,"column":17},"end":{"line":479,"column":58}}},"32":{"name":"(anonymous_32)","line":505,"loc":{"start":{"line":505,"column":13},"end":{"line":505,"column":32}}},"33":{"name":"(anonymous_33)","line":511,"loc":{"start":{"line":511,"column":17},"end":{"line":511,"column":41}}},"34":{"name":"(anonymous_34)","line":517,"loc":{"start":{"line":517,"column":9},"end":{"line":517,"column":12}}},"35":{"name":"(anonymous_35)","line":532,"loc":{"start":{"line":532,"column":15},"end":{"line":532,"column":18}}}},"statementMap":{"1":{"start":{"line":3,"column":0},"end":{"line":3,"column":29}},"2":{"start":{"line":4,"column":0},"end":{"line":4,"column":39}},"3":{"start":{"line":5,"column":0},"end":{"line":5,"column":87}},"4":{"start":{"line":7,"column":0},"end":{"line":7,"column":18}},"5":{"start":{"line":9,"column":0},"end":{"line":11,"column":1}},"6":{"start":{"line":10,"column":4},"end":{"line":10,"column":61}},"7":{"start":{"line":13,"column":0},"end":{"line":15,"column":1}},"8":{"start":{"line":14,"column":4},"end":{"line":14,"column":32}},"9":{"start":{"line":17,"column":0},"end":{"line":19,"column":1}},"10":{"start":{"line":18,"column":4},"end":{"line":18,"column":41}},"11":{"start":{"line":21,"column":0},"end":{"line":41,"column":5}},"12":{"start":{"line":22,"column":4},"end":{"line":40,"column":5}},"13":{"start":{"line":23,"column":8},"end":{"line":27,"column":9}},"14":{"start":{"line":24,"column":12},"end":{"line":24,"column":50}},"15":{"start":{"line":26,"column":12},"end":{"line":26,"column":84}},"16":{"start":{"line":29,"column":8},"end":{"line":31,"column":11}},"17":{"start":{"line":30,"column":12},"end":{"line":30,"column":31}},"18":{"start":{"line":32,"column":8},"end":{"line":32,"column":87}},"19":{"start":{"line":34,"column":8},"end":{"line":39,"column":9}},"20":{"start":{"line":35,"column":12},"end":{"line":35,"column":89}},"21":{"start":{"line":37,"column":12},"end":{"line":38,"column":118}},"22":{"start":{"line":43,"column":0},"end":{"line":43,"column":21}},"23":{"start":{"line":45,"column":0},"end":{"line":45,"column":23}},"24":{"start":{"line":47,"column":0},"end":{"line":47,"column":49}},"25":{"start":{"line":49,"column":0},"end":{"line":53,"column":3}},"26":{"start":{"line":50,"column":4},"end":{"line":50,"column":51}},"27":{"start":{"line":51,"column":4},"end":{"line":51,"column":34}},"28":{"start":{"line":52,"column":4},"end":{"line":52,"column":31}},"29":{"start":{"line":55,"column":0},"end":{"line":57,"column":3}},"30":{"start":{"line":56,"column":4},"end":{"line":56,"column":41}},"31":{"start":{"line":59,"column":0},"end":{"line":67,"column":3}},"32":{"start":{"line":60,"column":4},"end":{"line":60,"column":30}},"33":{"start":{"line":62,"column":4},"end":{"line":64,"column":7}},"34":{"start":{"line":63,"column":8},"end":{"line":63,"column":49}},"35":{"start":{"line":66,"column":4},"end":{"line":66,"column":35}},"36":{"start":{"line":69,"column":0},"end":{"line":71,"column":3}},"37":{"start":{"line":70,"column":4},"end":{"line":70,"column":30}},"38":{"start":{"line":73,"column":0},"end":{"line":75,"column":3}},"39":{"start":{"line":74,"column":4},"end":{"line":74,"column":30}},"40":{"start":{"line":77,"column":0},"end":{"line":84,"column":3}},"41":{"start":{"line":78,"column":4},"end":{"line":83,"column":7}},"42":{"start":{"line":79,"column":8},"end":{"line":82,"column":11}},"43":{"start":{"line":88,"column":8},"end":{"line":88,"column":33}},"44":{"start":{"line":89,"column":8},"end":{"line":89,"column":38}},"45":{"start":{"line":90,"column":8},"end":{"line":90,"column":36}},"46":{"start":{"line":91,"column":8},"end":{"line":91,"column":27}},"47":{"start":{"line":92,"column":8},"end":{"line":92,"column":27}},"48":{"start":{"line":96,"column":8},"end":{"line":96,"column":27}},"49":{"start":{"line":100,"column":8},"end":{"line":106,"column":9}},"50":{"start":{"line":101,"column":12},"end":{"line":103,"column":14}},"51":{"start":{"line":102,"column":16},"end":{"line":102,"column":35}},"52":{"start":{"line":105,"column":12},"end":{"line":105,"column":42}},"53":{"start":{"line":110,"column":8},"end":{"line":114,"column":9}},"54":{"start":{"line":111,"column":12},"end":{"line":111,"column":36}},"55":{"start":{"line":113,"column":12},"end":{"line":113,"column":39}},"56":{"start":{"line":118,"column":8},"end":{"line":124,"column":9}},"57":{"start":{"line":119,"column":12},"end":{"line":121,"column":14}},"58":{"start":{"line":120,"column":16},"end":{"line":120,"column":49}},"59":{"start":{"line":123,"column":12},"end":{"line":123,"column":40}},"60":{"start":{"line":128,"column":8},"end":{"line":132,"column":9}},"61":{"start":{"line":129,"column":12},"end":{"line":129,"column":37}},"62":{"start":{"line":131,"column":12},"end":{"line":131,"column":40}},"63":{"start":{"line":136,"column":8},"end":{"line":144,"column":9}},"64":{"start":{"line":137,"column":12},"end":{"line":137,"column":41}},"65":{"start":{"line":138,"column":15},"end":{"line":144,"column":9}},"66":{"start":{"line":139,"column":12},"end":{"line":139,"column":45}},"67":{"start":{"line":140,"column":15},"end":{"line":144,"column":9}},"68":{"start":{"line":141,"column":12},"end":{"line":141,"column":30}},"69":{"start":{"line":142,"column":15},"end":{"line":144,"column":9}},"70":{"start":{"line":143,"column":12},"end":{"line":143,"column":30}},"71":{"start":{"line":145,"column":8},"end":{"line":145,"column":20}},"72":{"start":{"line":149,"column":8},"end":{"line":179,"column":9}},"73":{"start":{"line":150,"column":12},"end":{"line":152,"column":13}},"74":{"start":{"line":151,"column":16},"end":{"line":151,"column":38}},"75":{"start":{"line":153,"column":12},"end":{"line":153,"column":39}},"76":{"start":{"line":154,"column":15},"end":{"line":179,"column":9}},"77":{"start":{"line":155,"column":12},"end":{"line":157,"column":13}},"78":{"start":{"line":156,"column":16},"end":{"line":156,"column":38}},"79":{"start":{"line":158,"column":12},"end":{"line":158,"column":37}},"80":{"start":{"line":159,"column":15},"end":{"line":179,"column":9}},"81":{"start":{"line":160,"column":12},"end":{"line":162,"column":13}},"82":{"start":{"line":161,"column":16},"end":{"line":161,"column":38}},"83":{"start":{"line":163,"column":12},"end":{"line":163,"column":28}},"84":{"start":{"line":164,"column":15},"end":{"line":179,"column":9}},"85":{"start":{"line":165,"column":12},"end":{"line":167,"column":13}},"86":{"start":{"line":166,"column":16},"end":{"line":166,"column":38}},"87":{"start":{"line":168,"column":12},"end":{"line":168,"column":28}},"88":{"start":{"line":169,"column":15},"end":{"line":179,"column":9}},"89":{"start":{"line":170,"column":12},"end":{"line":172,"column":13}},"90":{"start":{"line":171,"column":16},"end":{"line":171,"column":38}},"91":{"start":{"line":173,"column":12},"end":{"line":173,"column":36}},"92":{"start":{"line":174,"column":15},"end":{"line":179,"column":9}},"93":{"start":{"line":175,"column":12},"end":{"line":177,"column":13}},"94":{"start":{"line":176,"column":16},"end":{"line":176,"column":38}},"95":{"start":{"line":178,"column":12},"end":{"line":178,"column":37}},"96":{"start":{"line":180,"column":8},"end":{"line":180,"column":20}},"97":{"start":{"line":184,"column":8},"end":{"line":216,"column":9}},"98":{"start":{"line":185,"column":12},"end":{"line":187,"column":13}},"99":{"start":{"line":186,"column":16},"end":{"line":186,"column":38}},"100":{"start":{"line":188,"column":12},"end":{"line":191,"column":14}},"101":{"start":{"line":189,"column":16},"end":{"line":189,"column":46}},"102":{"start":{"line":190,"column":16},"end":{"line":190,"column":27}},"103":{"start":{"line":192,"column":15},"end":{"line":216,"column":9}},"104":{"start":{"line":193,"column":12},"end":{"line":195,"column":13}},"105":{"start":{"line":194,"column":16},"end":{"line":194,"column":38}},"106":{"start":{"line":196,"column":12},"end":{"line":199,"column":14}},"107":{"start":{"line":197,"column":16},"end":{"line":197,"column":44}},"108":{"start":{"line":198,"column":16},"end":{"line":198,"column":33}},"109":{"start":{"line":200,"column":15},"end":{"line":216,"column":9}},"110":{"start":{"line":201,"column":12},"end":{"line":203,"column":13}},"111":{"start":{"line":202,"column":16},"end":{"line":202,"column":38}},"112":{"start":{"line":204,"column":12},"end":{"line":207,"column":14}},"113":{"start":{"line":205,"column":16},"end":{"line":205,"column":35}},"114":{"start":{"line":206,"column":16},"end":{"line":206,"column":20}},"115":{"start":{"line":208,"column":15},"end":{"line":216,"column":9}},"116":{"start":{"line":209,"column":12},"end":{"line":211,"column":13}},"117":{"start":{"line":210,"column":16},"end":{"line":210,"column":38}},"118":{"start":{"line":212,"column":12},"end":{"line":215,"column":14}},"119":{"start":{"line":213,"column":16},"end":{"line":213,"column":35}},"120":{"start":{"line":214,"column":16},"end":{"line":214,"column":20}},"121":{"start":{"line":217,"column":8},"end":{"line":217,"column":20}},"122":{"start":{"line":221,"column":8},"end":{"line":223,"column":9}},"123":{"start":{"line":222,"column":12},"end":{"line":222,"column":42}},"124":{"start":{"line":224,"column":8},"end":{"line":226,"column":9}},"125":{"start":{"line":225,"column":12},"end":{"line":225,"column":40}},"126":{"start":{"line":227,"column":8},"end":{"line":229,"column":9}},"127":{"start":{"line":228,"column":12},"end":{"line":228,"column":31}},"128":{"start":{"line":230,"column":8},"end":{"line":232,"column":9}},"129":{"start":{"line":231,"column":12},"end":{"line":231,"column":31}},"130":{"start":{"line":233,"column":8},"end":{"line":233,"column":20}},"131":{"start":{"line":237,"column":8},"end":{"line":245,"column":9}},"132":{"start":{"line":238,"column":12},"end":{"line":238,"column":42}},"133":{"start":{"line":239,"column":15},"end":{"line":245,"column":9}},"134":{"start":{"line":240,"column":12},"end":{"line":240,"column":40}},"135":{"start":{"line":241,"column":15},"end":{"line":245,"column":9}},"136":{"start":{"line":242,"column":12},"end":{"line":242,"column":31}},"137":{"start":{"line":243,"column":15},"end":{"line":245,"column":9}},"138":{"start":{"line":244,"column":12},"end":{"line":244,"column":31}},"139":{"start":{"line":246,"column":8},"end":{"line":246,"column":20}},"140":{"start":{"line":250,"column":8},"end":{"line":250,"column":36}},"141":{"start":{"line":254,"column":8},"end":{"line":254,"column":38}},"142":{"start":{"line":258,"column":8},"end":{"line":258,"column":77}},"143":{"start":{"line":262,"column":8},"end":{"line":262,"column":88}},"144":{"start":{"line":263,"column":8},"end":{"line":267,"column":10}},"145":{"start":{"line":273,"column":8},"end":{"line":275,"column":9}},"146":{"start":{"line":274,"column":12},"end":{"line":274,"column":84}},"147":{"start":{"line":279,"column":8},"end":{"line":282,"column":9}},"148":{"start":{"line":280,"column":12},"end":{"line":280,"column":51}},"149":{"start":{"line":281,"column":12},"end":{"line":281,"column":33}},"150":{"start":{"line":286,"column":8},"end":{"line":299,"column":9}},"151":{"start":{"line":287,"column":12},"end":{"line":290,"column":13}},"152":{"start":{"line":288,"column":16},"end":{"line":288,"column":29}},"153":{"start":{"line":289,"column":16},"end":{"line":289,"column":31}},"154":{"start":{"line":292,"column":12},"end":{"line":292,"column":84}},"155":{"start":{"line":294,"column":12},"end":{"line":296,"column":28}},"156":{"start":{"line":295,"column":16},"end":{"line":295,"column":37}},"157":{"start":{"line":297,"column":15},"end":{"line":299,"column":9}},"158":{"start":{"line":298,"column":12},"end":{"line":298,"column":40}},"159":{"start":{"line":303,"column":8},"end":{"line":306,"column":9}},"160":{"start":{"line":304,"column":12},"end":{"line":304,"column":59}},"161":{"start":{"line":305,"column":12},"end":{"line":305,"column":33}},"162":{"start":{"line":312,"column":8},"end":{"line":312,"column":20}},"163":{"start":{"line":313,"column":8},"end":{"line":313,"column":35}},"164":{"start":{"line":314,"column":8},"end":{"line":314,"column":36}},"165":{"start":{"line":315,"column":8},"end":{"line":315,"column":47}},"166":{"start":{"line":319,"column":8},"end":{"line":321,"column":9}},"167":{"start":{"line":320,"column":12},"end":{"line":320,"column":84}},"168":{"start":{"line":325,"column":8},"end":{"line":328,"column":9}},"169":{"start":{"line":326,"column":12},"end":{"line":326,"column":51}},"170":{"start":{"line":327,"column":12},"end":{"line":327,"column":33}},"171":{"start":{"line":332,"column":8},"end":{"line":345,"column":9}},"172":{"start":{"line":333,"column":12},"end":{"line":336,"column":13}},"173":{"start":{"line":334,"column":16},"end":{"line":334,"column":29}},"174":{"start":{"line":335,"column":16},"end":{"line":335,"column":31}},"175":{"start":{"line":338,"column":12},"end":{"line":338,"column":84}},"176":{"start":{"line":340,"column":12},"end":{"line":342,"column":28}},"177":{"start":{"line":341,"column":16},"end":{"line":341,"column":37}},"178":{"start":{"line":343,"column":15},"end":{"line":345,"column":9}},"179":{"start":{"line":344,"column":12},"end":{"line":344,"column":40}},"180":{"start":{"line":349,"column":8},"end":{"line":352,"column":9}},"181":{"start":{"line":350,"column":12},"end":{"line":350,"column":59}},"182":{"start":{"line":351,"column":12},"end":{"line":351,"column":33}},"183":{"start":{"line":358,"column":8},"end":{"line":358,"column":16}},"184":{"start":{"line":360,"column":8},"end":{"line":362,"column":9}},"185":{"start":{"line":361,"column":12},"end":{"line":361,"column":51}},"186":{"start":{"line":364,"column":8},"end":{"line":366,"column":9}},"187":{"start":{"line":365,"column":12},"end":{"line":365,"column":51}},"188":{"start":{"line":368,"column":8},"end":{"line":368,"column":63}},"189":{"start":{"line":370,"column":8},"end":{"line":374,"column":9}},"190":{"start":{"line":371,"column":12},"end":{"line":373,"column":13}},"191":{"start":{"line":372,"column":16},"end":{"line":372,"column":34}},"192":{"start":{"line":376,"column":8},"end":{"line":376,"column":134}},"193":{"start":{"line":379,"column":8},"end":{"line":379,"column":37}},"194":{"start":{"line":380,"column":8},"end":{"line":380,"column":37}},"195":{"start":{"line":381,"column":8},"end":{"line":381,"column":79}},"196":{"start":{"line":382,"column":8},"end":{"line":382,"column":41}},"197":{"start":{"line":383,"column":8},"end":{"line":383,"column":48}},"198":{"start":{"line":385,"column":8},"end":{"line":434,"column":9}},"199":{"start":{"line":386,"column":12},"end":{"line":389,"column":15}},"200":{"start":{"line":388,"column":16},"end":{"line":388,"column":31}},"201":{"start":{"line":391,"column":12},"end":{"line":393,"column":13}},"202":{"start":{"line":392,"column":16},"end":{"line":392,"column":50}},"203":{"start":{"line":395,"column":12},"end":{"line":427,"column":16}},"204":{"start":{"line":396,"column":16},"end":{"line":426,"column":17}},"205":{"start":{"line":397,"column":20},"end":{"line":421,"column":21}},"206":{"start":{"line":398,"column":24},"end":{"line":402,"column":26}},"207":{"start":{"line":404,"column":24},"end":{"line":418,"column":25}},"208":{"start":{"line":405,"column":28},"end":{"line":411,"column":31}},"209":{"start":{"line":406,"column":32},"end":{"line":410,"column":33}},"210":{"start":{"line":407,"column":36},"end":{"line":407,"column":94}},"211":{"start":{"line":409,"column":36},"end":{"line":409,"column":72}},"212":{"start":{"line":413,"column":28},"end":{"line":417,"column":29}},"213":{"start":{"line":414,"column":32},"end":{"line":414,"column":90}},"214":{"start":{"line":416,"column":32},"end":{"line":416,"column":91}},"215":{"start":{"line":420,"column":24},"end":{"line":420,"column":82}},"216":{"start":{"line":423,"column":20},"end":{"line":425,"column":21}},"217":{"start":{"line":424,"column":24},"end":{"line":424,"column":74}},"218":{"start":{"line":429,"column":12},"end":{"line":433,"column":15}},"219":{"start":{"line":430,"column":16},"end":{"line":432,"column":17}},"220":{"start":{"line":431,"column":20},"end":{"line":431,"column":54}},"221":{"start":{"line":436,"column":8},"end":{"line":444,"column":11}},"222":{"start":{"line":437,"column":12},"end":{"line":437,"column":38}},"223":{"start":{"line":439,"column":12},"end":{"line":441,"column":15}},"224":{"start":{"line":440,"column":16},"end":{"line":440,"column":57}},"225":{"start":{"line":443,"column":12},"end":{"line":443,"column":43}},"226":{"start":{"line":446,"column":8},"end":{"line":446,"column":73}},"227":{"start":{"line":448,"column":8},"end":{"line":450,"column":11}},"228":{"start":{"line":449,"column":12},"end":{"line":449,"column":38}},"229":{"start":{"line":452,"column":8},"end":{"line":454,"column":11}},"230":{"start":{"line":453,"column":12},"end":{"line":453,"column":38}},"231":{"start":{"line":456,"column":8},"end":{"line":462,"column":11}},"232":{"start":{"line":457,"column":12},"end":{"line":457,"column":54}},"233":{"start":{"line":459,"column":12},"end":{"line":459,"column":52}},"234":{"start":{"line":460,"column":12},"end":{"line":460,"column":45}},"235":{"start":{"line":461,"column":12},"end":{"line":461,"column":31}},"236":{"start":{"line":464,"column":8},"end":{"line":476,"column":9}},"237":{"start":{"line":465,"column":12},"end":{"line":475,"column":13}},"238":{"start":{"line":466,"column":16},"end":{"line":469,"column":19}},"239":{"start":{"line":467,"column":20},"end":{"line":467,"column":43}},"240":{"start":{"line":468,"column":20},"end":{"line":468,"column":43}},"241":{"start":{"line":471,"column":16},"end":{"line":474,"column":19}},"242":{"start":{"line":472,"column":20},"end":{"line":472,"column":43}},"243":{"start":{"line":473,"column":20},"end":{"line":473,"column":43}},"244":{"start":{"line":480,"column":8},"end":{"line":502,"column":9}},"245":{"start":{"line":481,"column":12},"end":{"line":485,"column":13}},"246":{"start":{"line":482,"column":16},"end":{"line":482,"column":38}},"247":{"start":{"line":483,"column":16},"end":{"line":483,"column":67}},"248":{"start":{"line":484,"column":16},"end":{"line":484,"column":162}},"249":{"start":{"line":487,"column":12},"end":{"line":487,"column":64}},"250":{"start":{"line":488,"column":12},"end":{"line":488,"column":86}},"251":{"start":{"line":489,"column":12},"end":{"line":489,"column":70}},"252":{"start":{"line":490,"column":12},"end":{"line":500,"column":13}},"253":{"start":{"line":491,"column":16},"end":{"line":491,"column":49}},"254":{"start":{"line":492,"column":16},"end":{"line":492,"column":114}},"255":{"start":{"line":493,"column":16},"end":{"line":499,"column":19}},"256":{"start":{"line":494,"column":20},"end":{"line":498,"column":21}},"257":{"start":{"line":495,"column":24},"end":{"line":495,"column":46}},"258":{"start":{"line":496,"column":24},"end":{"line":496,"column":75}},"259":{"start":{"line":497,"column":24},"end":{"line":497,"column":161}},"260":{"start":{"line":501,"column":12},"end":{"line":501,"column":29}},"261":{"start":{"line":506,"column":8},"end":{"line":508,"column":9}},"262":{"start":{"line":507,"column":12},"end":{"line":507,"column":105}},"263":{"start":{"line":512,"column":8},"end":{"line":514,"column":9}},"264":{"start":{"line":513,"column":12},"end":{"line":513,"column":87}},"265":{"start":{"line":518,"column":8},"end":{"line":524,"column":9}},"266":{"start":{"line":519,"column":12},"end":{"line":519,"column":77}},"267":{"start":{"line":521,"column":12},"end":{"line":523,"column":13}},"268":{"start":{"line":522,"column":16},"end":{"line":522,"column":40}},"269":{"start":{"line":526,"column":8},"end":{"line":529,"column":9}},"270":{"start":{"line":527,"column":12},"end":{"line":527,"column":56}},"271":{"start":{"line":528,"column":12},"end":{"line":528,"column":36}},"272":{"start":{"line":533,"column":8},"end":{"line":538,"column":9}},"273":{"start":{"line":534,"column":12},"end":{"line":537,"column":14}},"274":{"start":{"line":536,"column":35},"end":{"line":536,"column":84}},"275":{"start":{"line":542,"column":0},"end":{"line":542,"column":39}},"276":{"start":{"line":543,"column":0},"end":{"line":543,"column":47}},"277":{"start":{"line":544,"column":0},"end":{"line":544,"column":47}},"278":{"start":{"line":545,"column":0},"end":{"line":545,"column":32}},"279":{"start":{"line":546,"column":0},"end":{"line":546,"column":34}},"280":{"start":{"line":547,"column":0},"end":{"line":547,"column":32}},"281":{"start":{"line":548,"column":0},"end":{"line":548,"column":25}},"282":{"start":{"line":549,"column":0},"end":{"line":549,"column":27}},"283":{"start":{"line":550,"column":0},"end":{"line":550,"column":32}},"284":{"start":{"line":551,"column":0},"end":{"line":551,"column":41}},"285":{"start":{"line":552,"column":0},"end":{"line":552,"column":32}},"286":{"start":{"line":553,"column":0},"end":{"line":553,"column":33}}},"branchMap":{"1":{"line":32,"type":"binary-expr","locations":[{"start":{"line":32,"column":32},"end":{"line":32,"column":46}},{"start":{"line":32,"column":51},"end":{"line":32,"column":67}},{"start":{"line":32,"column":71},"end":{"line":32,"column":85}}]},"2":{"line":34,"type":"if","locations":[{"start":{"line":34,"column":8},"end":{"line":34,"column":8}},{"start":{"line":34,"column":8},"end":{"line":34,"column":8}}]},"3":{"line":34,"type":"binary-expr","locations":[{"start":{"line":34,"column":12},"end":{"line":34,"column":40}},{"start":{"line":34,"column":44},"end":{"line":34,"column":59}}]},"4":{"line":100,"type":"if","locations":[{"start":{"line":100,"column":8},"end":{"line":100,"column":8}},{"start":{"line":100,"column":8},"end":{"line":100,"column":8}}]},"5":{"line":110,"type":"if","locations":[{"start":{"line":110,"column":8},"end":{"line":110,"column":8}},{"start":{"line":110,"column":8},"end":{"line":110,"column":8}}]},"6":{"line":118,"type":"if","locations":[{"start":{"line":118,"column":8},"end":{"line":118,"column":8}},{"start":{"line":118,"column":8},"end":{"line":118,"column":8}}]},"7":{"line":128,"type":"if","locations":[{"start":{"line":128,"column":8},"end":{"line":128,"column":8}},{"start":{"line":128,"column":8},"end":{"line":128,"column":8}}]},"8":{"line":128,"type":"binary-expr","locations":[{"start":{"line":128,"column":12},"end":{"line":128,"column":13}},{"start":{"line":128,"column":17},"end":{"line":128,"column":48}}]},"9":{"line":136,"type":"if","locations":[{"start":{"line":136,"column":8},"end":{"line":136,"column":8}},{"start":{"line":136,"column":8},"end":{"line":136,"column":8}}]},"10":{"line":138,"type":"if","locations":[{"start":{"line":138,"column":15},"end":{"line":138,"column":15}},{"start":{"line":138,"column":15},"end":{"line":138,"column":15}}]},"11":{"line":140,"type":"if","locations":[{"start":{"line":140,"column":15},"end":{"line":140,"column":15}},{"start":{"line":140,"column":15},"end":{"line":140,"column":15}}]},"12":{"line":142,"type":"if","locations":[{"start":{"line":142,"column":15},"end":{"line":142,"column":15}},{"start":{"line":142,"column":15},"end":{"line":142,"column":15}}]},"13":{"line":149,"type":"if","locations":[{"start":{"line":149,"column":8},"end":{"line":149,"column":8}},{"start":{"line":149,"column":8},"end":{"line":149,"column":8}}]},"14":{"line":150,"type":"if","locations":[{"start":{"line":150,"column":12},"end":{"line":150,"column":12}},{"start":{"line":150,"column":12},"end":{"line":150,"column":12}}]},"15":{"line":154,"type":"if","locations":[{"start":{"line":154,"column":15},"end":{"line":154,"column":15}},{"start":{"line":154,"column":15},"end":{"line":154,"column":15}}]},"16":{"line":155,"type":"if","locations":[{"start":{"line":155,"column":12},"end":{"line":155,"column":12}},{"start":{"line":155,"column":12},"end":{"line":155,"column":12}}]},"17":{"line":159,"type":"if","locations":[{"start":{"line":159,"column":15},"end":{"line":159,"
[...]
on[0] < 6 || (version[0] === 6 && version[1] < 4);","","        if (process.platform === 'win32' && lessThanSixFour) {","            throw new Error('µWebSockets requires Node.js 6.4.0 or greater on Windows.');","        } else {","            throw new Error('Compilation of µWebSockets has failed and there is no pre-compiled binary ' +","            'available for your system. Please install a supported C++11 compiler and reinstall the module \\'uws\\'.');","        }","    }","})();","","native.setNoop(noop);","","var _upgradeReq = null;","","const clientGroup = native.client.group.create();","","native.client.group.onConnection(clientGroup, (external) => {","    const webSocket = native.getUserData(external);","    webSocket.external = external;","    webSocket.internalOnOpen();","});","","native.client.group.onMessage(clientGroup, (message, webSocket) => {","    webSocket.internalOnMessage(message);","});","","native.client.group.onDisconnection(clientGroup, (external, code, message, webSocket) => {","    webSocket.external = null;","","    process.nextTick(() => {","        webSocket.internalOnClose(code, message);","    });","","    native.clearUserData(external);","});","","native.client.group.onPing(clientGroup, (message, webSocket) => {","    webSocket.onping(message);","});","","native.client.group.onPong(clientGroup, (message, webSocket) => {","    webSocket.onpong(message);","});","","native.client.group.onError(clientGroup, (webSocket) => {","    process.nextTick(() => {","        webSocket.internalOnError({","            message: 'uWs client connection error',","            stack: 'uWs client connection error'","        });","    });","});","","class WebSocket {","    constructor(external) {","        this.external = external;","        this.internalOnMessage = noop;","        this.internalOnClose = noop;","        this.onping = noop;","        this.onpong = noop;","    }","","    get upgradeReq() {","        return _upgradeReq;","    }","","    set onmessage(f) {","        if (f) {","            this.internalOnMessage = (message) => {","                f({data: message});","            };","        } else {","            this.internalOnMessage = noop;","        }","    }","","    set onopen(f) {","        if (f) {","            this.internalOnOpen = f;","        } else {","            this.internalOnOpen = noop;","        }","    }","","    set onclose(f) {","        if (f) {","            this.internalOnClose = (code, message) => {","                f({code: code, reason: message});","            };","        } else {","            this.internalOnClose = noop;","        }","    }","","    set onerror(f) {","        if (f && this instanceof WebSocketClient) {","            this.internalOnError = f;","        } else {","            this.internalOnError = noop;","        }","    }","","    emit(eventName, arg1, arg2) {","        if (eventName === 'message') {","            this.internalOnMessage(arg1);","        } else if (eventName === 'close') {","            this.internalOnClose(arg1, arg2);","        } else if (eventName === 'ping') {","            this.onping(arg1);","        } else if (eventName === 'pong') {","            this.onpong(arg1);","        }","        return this;","    }","","    on(eventName, f) {","        if (eventName === 'message') {","            if (this.internalOnMessage !== noop) {","                throw Error(EE_ERROR);","            }","            this.internalOnMessage = f;","        } else if (eventName === 'close') {","            if (this.internalOnClose !== noop) {","                throw Error(EE_ERROR);","            }","            this.internalOnClose = f;","        } else if (eventName === 'ping') {","            if (this.onping !== noop) {","                throw Error(EE_ERROR);","            }","            this.onping = f;","        } else if (eventName === 'pong') {","            if (this.onpong !== noop) {","                throw Error(EE_ERROR);","            }","            this.onpong = f;","        } else if (eventName === 'open') {","            if (this.internalOnOpen !== noop) {","                throw Error(EE_ERROR);","            }","            this.internalOnOpen = f;","        } else if (eventName === 'error' && this instanceof WebSocketClient) {","            if (this.internalOnError !== noop) {","                throw Error(EE_ERROR);","            }","            this.internalOnError = f;","        }","        return this;","    }","","    once(eventName, f) {","        if (eventName === 'message') {","            if (this.internalOnMessage !== noop) {","                throw Error(EE_ERROR);","            }","            this.internalOnMessage = (message) => {","                this.internalOnMessage = noop;","                f(message);","            };","        } else if (eventName === 'close') {","            if (this.internalOnClose !== noop) {","                throw Error(EE_ERROR);","            }","            this.internalOnClose = (code, message) => {","                this.internalOnClose = noop;","                f(code, message);","            };","        } else if (eventName === 'ping') {","            if (this.onping !== noop) {","                throw Error(EE_ERROR);","            }","            this.onping = () => {","                this.onping = noop;","                f();","            };","        } else if (eventName === 'pong') {","            if (this.onpong !== noop) {","                throw Error(EE_ERROR);","            }","            this.onpong = () => {","                this.onpong = noop;","                f();","            };","        }","        return this;","    }","","    removeAllListeners(eventName) {","        if (!eventName || eventName === 'message') {","            this.internalOnMessage = noop;","        }","        if (!eventName || eventName === 'close') {","            this.internalOnClose = noop;","        }","        if (!eventName || eventName === 'ping') {","            this.onping = noop;","        }","        if (!eventName || eventName === 'pong') {","            this.onpong = noop;","        }","        return this;","    }","","    removeListener(eventName, cb) {","        if (eventName === 'message' && this.internalOnMessage === cb) {","            this.internalOnMessage = noop;","        } else if (eventName === 'close' && this.internalOnClose === cb) {","            this.internalOnClose = noop;","        } else if (eventName === 'ping' && this.onping === cb) {","            this.onping = noop;","        } else if (eventName === 'pong' && this.onpong === cb) {","            this.onpong = noop;","        }","        return this;","    }","","    get OPEN() {","        return WebSocketClient.OPEN;","    }","","    get CLOSED() {","        return WebSocketClient.CLOSED;","    }","","    get readyState() {","        return this.external ? WebSocketClient.OPEN : WebSocketClient.CLOSED;","    }","","    get _socket() {","        const address = this.external ? native.getAddress(this.external) : new Array(3);","        return {","            remotePort: address[0],","            remoteAddress: address[1],","            remoteFamily: address[2]","        };","    }","","    // from here down, functions are not common between client and server","","    ping(message, options, dontFailWhenClosed) {","        if (this.external) {","            native.server.send(this.external, message, WebSocketClient.OPCODE_PING);","        }","    }","","    terminate() {","        if (this.external) {","            native.server.terminate(this.external);","            this.external = null;","        }","    }","","    send(message, options, cb) {","        if (this.external) {","            if (typeof options === 'function') {","                cb = options;","                options = null;","            }","","            const binary = options && options.binary || typeof message !== 'string';","","            native.server.send(this.external, message, binary ? WebSocketClient.OPCODE_BINARY : WebSocketClient.OPCODE_TEXT, cb ? (() => {","                process.nextTick(cb);","            }) : undefined);","        } else if (cb) {","            cb(new Error('not opened'));","        }","    }","","    close(code, data) {","        if (this.external) {","            native.server.close(this.external, code, data);","            this.external = null;","        }","    }","}","","class WebSocketClient extends WebSocket {","    constructor(uri) {","        super(null);","        this.internalOnOpen = noop;","        this.internalOnError = noop;","        native.connect(clientGroup, uri, this);","    }","","    ping(message, options, dontFailWhenClosed) {","        if (this.external) {","            native.client.send(this.external, message, WebSocketClient.OPCODE_PING);","        }","    }","","    terminate() {","        if (this.external) {","            native.client.terminate(this.external);","            this.external = null;","        }","    }","","    send(message, options, cb) {","        if (this.external) {","            if (typeof options === 'function') {","                cb = options;","                options = null;","            }","","            const binary = options && options.binary || typeof message !== 'string';","","            native.client.send(this.external, message, binary ? WebSocketClient.OPCODE_BINARY : WebSocketClient.OPCODE_TEXT, cb ? (() => {","                process.nextTick(cb);","            }) : undefined);","        } else if (cb) {","            cb(new Error('not opened'));","        }","    }","","    close(code, data) {","        if (this.external) {","            native.client.close(this.external, code, data);","            this.external = null;","        }","    }","}","","class Server extends EventEmitter {","    constructor(options, callback) {","        super();","","        if (!options) {","            throw new TypeError('missing options');","        }","","        if (options.port === undefined && !options.server && !options.noServer) {","            throw new TypeError('invalid options');","        }","","        var nativeOptions = WebSocketClient.PERMESSAGE_DEFLATE;","","        if (options.perMessageDeflate !== undefined) {","            if (options.perMessageDeflate === false) {","                nativeOptions = 0;","            }","        }","","        this.serverGroup = native.server.group.create(nativeOptions, options.maxPayload === undefined ? 1048576 : options.maxPayload);","","        // can these be made private?","        this._upgradeCallback = noop;","        this._upgradeListener = null;","        this._noDelay = options.noDelay === undefined ? true : options.noDelay;","        this._lastUpgradeListener = true;","        this._passedHttpServer = options.server;","","        if (!options.noServer) {","            this.httpServer = options.server ? options.server : http.createServer((request, response) => {","                // todo: default HTTP response","                response.end();","            });","","            if (options.path && (!options.path.length || options.path[0] !== '/')) {","                options.path = '/' + options.path;","            }","","            this.httpServer.on('upgrade', this._upgradeListener = ((request, socket, head) => {","                if (!options.path || options.path == request.url.split('?')[0].split('#')[0]) {","                    if (options.verifyClient) {","                        const info = {","                            origin: request.headers.origin,","                            secure: request.connection.authorized !== undefined || request.connection.encrypted !== undefined,","                            req: request","                        };","","                        if (options.verifyClient.length === 2) {","                            options.verifyClient(info, (result, code, name) => {","                                if (result) {","                                    this.handleUpgrade(request, socket, head, emitConnection);","                                } else {","                                    abortConnection(socket, code, name);","                                }","                            });","                        } else {","                            if (options.verifyClient(info)) {","                                this.handleUpgrade(request, socket, head, emitConnection);","                            } else {","                                abortConnection(socket, 400, 'Client verification failed');","                            }","                        }","                    } else {","                        this.handleUpgrade(request, socket, head, emitConnection);","                    }","                } else {","                    if (this._lastUpgradeListener) {","                        abortConnection(socket, 400, 'URL not supported');","                    }","                }","            }));","","            this.httpServer.on('newListener', (eventName, listener) => {","                if (eventName === 'upgrade') {","                    this._lastUpgradeListener = false;","                }","            });","        }","","        native.server.group.onDisconnection(this.serverGroup, (external, code, message, webSocket) => {","            webSocket.external = null;","","            process.nextTick(() => {","                webSocket.internalOnClose(code, message);","            });","","            native.clearUserData(external);","        });","","        native.server.group.onMessage(this.serverGroup, onServerMessage);","","        native.server.group.onPing(this.serverGroup, (message, webSocket) => {","            webSocket.onping(message);","        });","","        native.server.group.onPong(this.serverGroup, (message, webSocket) => {","            webSocket.onpong(message);","        });","","        native.server.group.onConnection(this.serverGroup, (external) => {","            const webSocket = new WebSocket(external);","","            native.setUserData(external, webSocket);","            this._upgradeCallback(webSocket);","            _upgradeReq = null;","        });","","        if (options.port !== undefined) {","            if (options.host) {","                this.httpServer.listen(options.port, options.host, () => {","                    this.emit('listening');","                    callback && callback();","                });","            } else {","                this.httpServer.listen(options.port, () => {","                    this.emit('listening');","                    callback && callback();","                });","            }","        }","    }","","    handleUpgrade(request, socket, upgradeHead, callback) {","        if (socket._isNative) {","            if (this.serverGroup) {","                _upgradeReq = request;","                this._upgradeCallback = callback ? callback : noop;","                native.upgrade(this.serverGroup, socket.external, secKey, request.headers['sec-websocket-extensions'], request.headers['sec-websocket-protocol']);","            }","        } else {","            const secKey = request.headers['sec-websocket-key'];","            const socketHandle = socket.ssl ? socket._parent._handle : socket._handle;","            const sslState = socket.ssl ? socket.ssl._external : null;","            if (socketHandle && secKey && secKey.length == 24) {","                socket.setNoDelay(this._noDelay);","                const ticket = native.transfer(socketHandle.fd === -1 ? socketHandle : socketHandle.fd, sslState);","                socket.on('close', (error) => {","                    if (this.serverGroup) {","                        _upgradeReq = request;","                        this._upgradeCallback = callback ? callback : noop;","                        native.upgrade(this.serverGroup, ticket, secKey, request.headers['sec-websocket-extensions'], request.headers['sec-websocket-protocol']);","                    }","                });","            }","            socket.destroy();","        }","    }","","    broadcast(message, options) {","        if (this.serverGroup) {","            native.server.group.broadcast(this.serverGroup, message, options && options.binary || false);","        }","    }","","    startAutoPing(interval, userMessage) {","        if (this.serverGroup) {","            native.server.group.startAutoPing(this.serverGroup, interval, userMessage);","        }","    }","","    close() {","        if (this._upgradeListener && this.httpServer) {","            this.httpServer.removeListener('upgrade', this._upgradeListener);","","            if (!this._passedHttpServer) {","                this.httpServer.close();","            }","        }","","        if (this.serverGroup) {","            native.server.group.close(this.serverGroup);","            this.serverGroup = null;","        }","    }","","    get clients() {","        if (this.serverGroup) {","            return {","                length: native.server.group.getSize(this.serverGroup),","                forEach: ((cb) => {native.server.group.forEach(this.serverGroup, cb)})","            };","        }","    }","}","","WebSocketClient.PERMESSAGE_DEFLATE = 1;","WebSocketClient.SERVER_NO_CONTEXT_TAKEOVER = 2;","WebSocketClient.CLIENT_NO_CONTEXT_TAKEOVER = 4;","WebSocketClient.OPCODE_TEXT = 1;","WebSocketClient.OPCODE_BINARY = 2;","WebSocketClient.OPCODE_PING = 9;","WebSocketClient.OPEN = 1;","WebSocketClient.CLOSED = 0;","WebSocketClient.Server = Server;","WebSocketClient.http = native.httpServer;","WebSocketClient.native = native;","module.exports = WebSocketClient;",""],"l":{"3":1,"4":1,"5":1,"7":1,"9":1,"10":0,"13":1,"14":0,"17":1,"18":0,"21":1,"22":1,"23":1,"24":1,"26":1,"29":0,"30":0,"32":0,"34":0,"35":0,"37":0,"43":1,"45":1,"47":1,"49":1,"50":0,"51":0,"52":0,"55":1,"56":0,"59":1,"60":0,"62":0,"63":0,"66":0,"69":1,"70":0,"73":1,"74":0,"77":1,"78":0,"79":0,"88":0,"89":0,"90":0,"91":0,"92":0,"96":0,"100":0,"101":0,"102":0,"105":0,"110":0,"111":0,"113":0,"118":0,"119":0,"120":0,"123":0,"128":0,"129":0,"131":0,"136":0,"137":0,"138":0,"139":0,"140":0,"141":0,"142":0,"143":0,"145":0,"149":0,"150":0,"151":0,"153":0,"154":0,"155":0,"156":0,"158":0,"159":0,"160":0,"161":0,"163":0,"164":0,"165":0,"166":0,"168":0,"169":0,"170":0,"171":0,"173":0,"174":0,"175":0,"176":0,"178":0,"180":0,"184":0,"185":0,"186":0,"188":0,"189":0,"190":0,"192":0,"193":0,"194":0,"196":0,"197":0,"198":0,"200":0,"201":0,"202":0,"204":0,"205":0,"206":0,"208":0,"209":0,"210":0,"212":0,"213":0,"214":0,"217":0,"221":0,"222":0,"224":0,"225":0,"227":0,"228":0,"230":0,"231":0,"233":0,"237":0,"238":0,"239":0,"240":0,"241":0,"242":0,"243":0,"244":0,"246":0,"250":0,"254":0,"258":0,"262":0,"263":0,"273":0,"274":0,"279":0,"280":0,"281":0,"286":0,"287":0,"288":0,"289":0,"292":0,"294":0,"295":0,"297":0,"298":0,"303":0,"304":0,"305":0,"312":0,"313":0,"314":0,"315":0,"319":0,"320":0,"325":0,"326":0,"327":0,"332":0,"333":0,"334":0,"335":0,"338":0,"340":0,"341":0,"343":0,"344":0,"349":0,"350":0,"351":0,"358":0,"360":0,"361":0,"364":0,"365":0,"368":0,"370":0,"371":0,"372":0,"376":0,"379":0,"380":0,"381":0,"382":0,"383":0,"385":0,"386":0,"388":0,"391":0,"392":0,"395":0,"396":0,"397":0,"398":0,"404":0,"405":0,"406":0,"407":0,"409":0,"413":0,"414":0,"416":0,"420":0,"423":0,"424":0,"429":0,"430":0,"431":0,"436":0,"437":0,"439":0,"440":0,"443":0,"446":0,"448":0,"449":0,"452":0,"453":0,"456":0,"457":0,"459":0,"460":0,"461":0,"464":0,"465":0,"466":0,"467":0,"468":0,"471":0,"472":0,"473":0,"480":0,"481":0,"482":0,"483":0,"484":0,"487":0,"488":0,"489":0,"490":0,"491":0,"492":0,"493":0,"494":0,"495":0,"496":0,"497":0,"501":0,"506":0,"507":0,"512":0,"513":0,"518":0,"519":0,"521":0,"522":0,"526":0,"527":0,"528":0,"533":0,"534":0,"536":0,"542":1,"543":1,"544":1,"545":1,"546":1,"547":1,"548":1,"549":1,"550":1,"551":1,"552":1,"553":1}}}